[+] Containers:
 |- [+] Container: /Game/ThirdPerson/Maps/ThirdPersonMap
 |   |- [+] ActorDescs:
 |   |   |- Guid:01A620F44AD5225A76BCBD81991B4794 BaseClass: NativeClass:/Script/Engine.SkeletalMeshActor Name:SkeletalMeshActor_UAID_B00CD162E1E70A5502_1637400036 Label:Anim_CoupleBackwardRight03 SpatiallyLoaded:1 Bounds:IsValid=true, Min=(X=2565.106 Y=468.293 Z=-1.920), Max=(X=2638.470 Y=546.787 Z=178.777) RuntimeGrid:None EditorOnly:0 RuntimeOnly:0 HLODRelevant:0
 |   |   |- Guid:039B08664A8750E09ABA609EF3D59BA0 BaseClass: NativeClass:/Script/Engine.SkeletalMeshActor Name:SkeletalMeshActor_UAID_B00CD162E1E70A5502_1648046040 Label:Anim_CoupleForward03 SpatiallyLoaded:1 Bounds:IsValid=true, Min=(X=2756.136 Y=869.461 Z=-1.940), Max=(X=2841.806 Y=945.146 Z=178.703) RuntimeGrid:None EditorOnly:0 RuntimeOnly:0 HLODRelevant:0
 |   |   |- Guid:0B5E714C40D12767AE8346BA1768EC58 BaseClass: NativeClass:/Script/Engine.SkeletalMeshActor Name:SkeletalMeshActor_UAID_B00CD162E1E70A5502_1772106055 Label:Anim_Couple05 SpatiallyLoaded:1 Bounds:IsValid=true, Min=(X=666.987 Y=2180.885 Z=-0.452), Max=(X=737.064 Y=2229.076 Z=179.791) RuntimeGrid:None EditorOnly:0 RuntimeOnly:0 HLODRelevant:0
 |   |   |- Guid:14C9D36B4B5FB2AEC3E52C833965CB2D BaseClass: NativeClass:/Script/Engine.SkeletalMeshActor Name:SkeletalMeshActor_UAID_B00CD162E1E70A5502_1767560054 Label:Anim_CoupleBackwardRight05 SpatiallyLoaded:1 Bounds:IsValid=true, Min=(X=465.463 Y=1964.963 Z=-1.554), Max=(X=544.453 Y=2034.721 Z=180.083) RuntimeGrid:None EditorOnly:0 RuntimeOnly:0 HLODRelevant:0
 |   |   |- Guid:1E76F2454AC7CC89038DABAF41A4912D BaseClass: NativeClass:/Script/Engine.SkeletalMeshActor Name:SkeletalMeshActor_UAID_B00CD162E1E70A5502_1695692047 Label:Anim_CoupleLeft04 SpatiallyLoaded:1 Bounds:IsValid=true, Min=(X=4070.609 Y=646.377 Z=-1.945), Max=(X=4145.716 Y=732.311 Z=178.579) RuntimeGrid:None EditorOnly:0 RuntimeOnly:0 HLODRelevant:0
 |   |   |- Guid:1FA89B3E4973EF34A61EC6890F407F95 BaseClass: NativeClass:/Script/Engine.SkeletalMeshActor Name:SkeletalMeshActor_UAID_B00CD162E1E70A5502_1584257026 Label:Anim_CoupleBackwardLeft02 SpatiallyLoaded:1 Bounds:IsValid=true, Min=(X=1873.487 Y=466.466 Z=-1.864), Max=(X=1950.835 Y=538.246 Z=179.185) RuntimeGrid:None EditorOnly:0 RuntimeOnly:0 HLODRelevant:0
 |   |   |- Guid:22F4ACE84A97055F36DDC28AFCF11D54 BaseClass: NativeClass:/Script/Engine.SkeletalMeshActor Name:SkeletalMeshActor_UAID_B00CD162E1E70A5502_1507537016 Label:Anim_CoupleBackward01 SpatiallyLoaded:1 Bounds:IsValid=true, Min=(X=669.203 Y=461.592 Z=-1.862), Max=(X=751.408 Y=537.267 Z=179.189) RuntimeGrid:None EditorOnly:0 RuntimeOnly:0 HLODRelevant:0
 |   |   |- Guid:23A81F5A4B8F11B768547DA56A6C7415 BaseClass: NativeClass:/Script/Engine.SkeletalMeshActor Name:SkeletalMeshActor_UAID_B00CD162E1E70A5502_1580872025 Label:Anim_CoupleBackward02 SpatiallyLoaded:1 Bounds:IsValid=true, Min=(X=1658.769 Y=441.624 Z=-1.863), Max=(X=1740.804 Y=517.221 Z=179.190) RuntimeGrid:None EditorOnly:0 RuntimeOnly:0 HLODRelevant:0
 |   |   |- Guid:24CB026847EFB264ED603791E2B27C84 BaseClass: NativeClass:/Script/Engine.SkeletalMeshActor Name:SkeletalMeshActor_UAID_B00CD162E1E70A5502_1807758063 Label:Anim_CoupleBackwardRight06 SpatiallyLoaded:1 Bounds:IsValid=true, Min=(X=1466.568 Y=1952.634 Z=-1.557), Max=(X=1537.040 Y=2031.613 Z=180.077) RuntimeGrid:None EditorOnly:0 RuntimeOnly:0 HLODRelevant:0
 |   |   |- Guid:2734B18749F40F296D34D0AB44653B3E BaseClass: NativeClass:/Script/Engine.SkeletalMeshActor Name:SkeletalMeshActor_UAID_B00CD162E1E70A5502_1781449059 Label:Anim_CoupleForwardLeft05 SpatiallyLoaded:1 Bounds:IsValid=true, Min=(X=863.628 Y=2366.129 Z=-1.760), Max=(X=942.869 Y=2440.344 Z=179.216) RuntimeGrid:None EditorOnly:0 RuntimeOnly:0 HLODRelevant:0
 |   |   |- Guid:2B081CDD4F4DCAF1E7547DB74C918BB7 BaseClass: NativeClass:/Script/Engine.SkyLight Name:SkyLight_UAID_B00CD162E1E7CC5402_1717176103 Label:SkyLight SpatiallyLoaded:0 Bounds:IsValid=true, Min=(X=0.000 Y=0.000 Z=0.000), Max=(X=0.000 Y=0.000 Z=0.000) RuntimeGrid:None EditorOnly:0 RuntimeOnly:0 HLODRelevant:0
 |   |   |- Guid:2EB54FE34FB8E978B3C95AB473677489 BaseClass: NativeClass:/Script/Engine.SkeletalMeshActor Name:SkeletalMeshActor_UAID_B00CD162E1E70A5502_1525421020 Label:Anim_CoupleRight01 SpatiallyLoaded:1 Bounds:IsValid=true, Min=(X=465.426 Y=667.580 Z=-1.951), Max=(X=540.710 Y=750.842 Z=178.778) RuntimeGrid:None EditorOnly:0 RuntimeOnly:0 HLODRelevant:0
 |   |   |- Guid:38F89E3448D50021F82E8CA1817FA3EB BaseClass: NativeClass:/Script/Engine.SkeletalMeshActor Name:SkeletalMeshActor_UAID_B00CD162E1E70A5502_1800539061 Label:Anim_CoupleBackward06 SpatiallyLoaded:1 Bounds:IsValid=true, Min=(X=1663.856 Y=1964.840 Z=-1.557), Max=(X=1734.170 Y=2040.891 Z=180.084) RuntimeGrid:None EditorOnly:0 RuntimeOnly:0 HLODRelevant:0
 |   |   |- Guid:3A00AA1C422CE54C0BDB60BAF471BFBB BaseClass: NativeClass:/Script/Engine.PlayerStart Name:PlayerStart_0 Label:PlayerStart SpatiallyLoaded:0 Bounds:IsValid=true, Min=(X=860.000 Y=1070.000 Z=0.013), Max=(X=940.000 Y=1150.000 Z=184.013) RuntimeGrid:None EditorOnly:0 RuntimeOnly:0 HLODRelevant:0
 |   |   |- Guid:3C3839024B66BC93C1967D8A466444F6 BaseClass: NativeClass:/Script/Engine.SkeletalMeshActor Name:SkeletalMeshActor_UAID_B00CD162E1E70A5502_1639551037 Label:Anim_Couple03 SpatiallyLoaded:1 Bounds:IsValid=true, Min=(X=2756.204 Y=678.501 Z=-0.053), Max=(X=2843.298 Y=724.686 Z=178.068) RuntimeGrid:None EditorOnly:0 RuntimeOnly:0 HLODRelevant:0
 |   |   |- Guid:3D88248642E5EBAA7BE2BFB6AE723AAC BaseClass: NativeClass:/Script/Engine.SkeletalMeshActor Name:SkeletalMeshActor_UAID_B00CD162E1E70A5502_1592066028 Label:Anim_Couple02 SpatiallyLoaded:1 Bounds:IsValid=true, Min=(X=1659.250 Y=671.866 Z=-0.008), Max=(X=1744.074 Y=719.288 Z=177.679) RuntimeGrid:None EditorOnly:0 RuntimeOnly:0 HLODRelevant:0
 |   |   |- Guid:424C93184EA3BFAF558D22872BE208F6 BaseClass: NativeClass:/Script/Engine.SkeletalMeshActor Name:SkeletalMeshActor_UAID_B00CD162E1E70A5502_1536940024 Label:Anim_CoupleForwardRight01 SpatiallyLoaded:1 Bounds:IsValid=true, Min=(X=475.293 Y=846.890 Z=-1.879), Max=(X=546.085 Y=925.101 Z=178.794) RuntimeGrid:None EditorOnly:0 RuntimeOnly:0 HLODRelevant:0
 |   |   |- Guid:47A4F6DE4719E3A0F824C99CE8F1236F BaseClass: NativeClass:/Script/Engine.SkyAtmosphere Name:SkyAtmosphere_UAID_B00CD162E1E7CC5402_1718121105 Label:SkyAtmosphere SpatiallyLoaded:0 Bounds:IsValid=true, Min=(X=0.000 Y=0.000 Z=0.000), Max=(X=0.000 Y=0.000 Z=0.000) RuntimeGrid:None EditorOnly:0 RuntimeOnly:0 HLODRelevant:0
 |   |   |- Guid:4A6C8306425806B0D9518EB82B1D3350 BaseClass: NativeClass:/Script/Engine.SkeletalMeshActor Name:SkeletalMeshActor_UAID_B00CD162E1E70A5502_1783514060 Label:Anim_CoupleForwardRight05 SpatiallyLoaded:1 Bounds:IsValid=true, Min=(X=459.992 Y=2363.008 Z=-1.760), Max=(X=534.389 Y=2442.441 Z=179.216) RuntimeGrid:None EditorOnly:0 RuntimeOnly:0 HLODRelevant:0
 |   |   |- Guid:4ACC7221421E121366CE7D9A4AD753D4 BaseClass: NativeClass:/Script/Engine.SkeletalMeshActor Name:SkeletalMeshActor_UAID_B00CD162E1E70A5502_1598198030 Label:Anim_CoupleRight02 SpatiallyLoaded:1 Bounds:IsValid=true, Min=(X=1454.382 Y=639.198 Z=-1.938), Max=(X=1529.678 Y=722.453 Z=178.522) RuntimeGrid:None EditorOnly:0 RuntimeOnly:0 HLODRelevant:0
 |   |   |- Guid:4BCD00EB4BB900D62CA5E494F841B8FA BaseClass: NativeClass:/Script/Engine.SkeletalMeshActor Name:SkeletalMeshActor_UAID_B00CD162E1E70A5502_1689962045 Label:Anim_CoupleBackwardRight04 SpatiallyLoaded:1 Bounds:IsValid=true, Min=(X=3648.771 Y=464.375 Z=-1.917), Max=(X=3727.871 Y=538.324 Z=178.770) RuntimeGrid:None EditorOnly:0 RuntimeOnly:0 HLODRelevant:0
 |   |   |- Guid:4CB93A604269EF3AC208968C30E16A0B BaseClass: NativeClass:/Script/Engine.SkeletalMeshActor Name:SkeletalMeshActor_UAID_B00CD162E1E70A5502_1698228048 Label:Anim_CoupleRight04 SpatiallyLoaded:1 Bounds:IsValid=true, Min=(X=3655.105 Y=667.131 Z=-1.946), Max=(X=3730.583 Y=752.986 Z=178.665) RuntimeGrid:None EditorOnly:0 RuntimeOnly:0 HLODRelevant:0
 |   |   |- Guid:4F960B5B4550B85D44FA92ACBF0F87CE BaseClass: NativeClass:/Script/Engine.SkeletalMeshActor Name:SkeletalMeshActor_UAID_B00CD162E1E70A5502_1518176018 Label:Anim_CoupleBackwardRight01 SpatiallyLoaded:1 Bounds:IsValid=true, Min=(X=449.124 Y=466.870 Z=-1.861), Max=(X=526.518 Y=537.595 Z=179.189) RuntimeGrid:None EditorOnly:0 RuntimeOnly:0 HLODRelevant:0
 |   |   |- Guid:54F18C664BDE338387750D8BBBD2F900 BaseClass: NativeClass:/Script/Engine.SkeletalMeshActor Name:SkeletalMeshActor_UAID_B00CD162E1E70A5502_1681351043 Label:Anim_CoupleBackward04 SpatiallyLoaded:1 Bounds:IsValid=true, Min=(X=3869.055 Y=461.859 Z=-1.917), Max=(X=3953.739 Y=537.577 Z=178.777) RuntimeGrid:None EditorOnly:0 RuntimeOnly:0 HLODRelevant:0
 |   |   |- Guid:5999425A4B07FC0813E7BC9BAC3D5286 BaseClass: NativeClass:/Script/Engine.SkeletalMeshActor Name:SkeletalMeshActor_UAID_B00CD162E1E70A5502_1527708021 Label:Anim_CoupleLeft01 SpatiallyLoaded:1 Bounds:IsValid=true, Min=(X=870.283 Y=648.945 Z=-1.951), Max=(X=945.587 Y=732.209 Z=178.778) RuntimeGrid:None EditorOnly:0 RuntimeOnly:0 HLODRelevant:0
 |   |   |- Guid:5B97F4A64FB21F77EFC44386BF705B4C BaseClass: NativeClass:/Script/Engine.TextRenderActor Name:TextRenderActor_1 Label:TextRenderActor SpatiallyLoaded:1 Bounds:IsValid=true, Min=(X=-0.100 Y=1100.000 Z=65.013), Max=(X=-0.100 Y=2392.308 Z=215.013) RuntimeGrid:None EditorOnly:0 RuntimeOnly:0 HLODRelevant:0
 |   |   |- Guid:5EB0B66C4F6DE26F082BB4AE5AFB72EF BaseClass: NativeClass:/Script/Engine.SkeletalMeshActor Name:SkeletalMeshActor_UAID_B00CD162E1E70A5502_1759913052 Label:Anim_CoupleBackward05 SpatiallyLoaded:1 Bounds:IsValid=true, Min=(X=666.336 Y=1954.817 Z=-1.555), Max=(X=736.172 Y=2030.933 Z=180.084) RuntimeGrid:None EditorOnly:0 RuntimeOnly:0 HLODRelevant:0
 |   |   |- Guid:5F9F95E8438F467CD05ED1830402E75B BaseClass: NativeClass:/Script/Engine.SkeletalMeshActor Name:SkeletalMeshActor_UAID_B00CD162E1E70A5502_1634048035 Label:Anim_CoupleBackwardLeft03 SpatiallyLoaded:1 Bounds:IsValid=true, Min=(X=2962.121 Y=474.661 Z=-1.921), Max=(X=3041.207 Y=549.041 Z=178.777) RuntimeGrid:None EditorOnly:0 RuntimeOnly:0 HLODRelevant:0
 |   |   |- Guid:6AA6CC7E491C2E54C04973936CD40055 BaseClass: NativeClass:/Script/Engine.SkeletalMeshActor Name:SkeletalMeshActor_UAID_B00CD162E1E70A5502_1521742019 Label:Anim_Couple01 SpatiallyLoaded:1 Bounds:IsValid=true, Min=(X=665.756 Y=661.801 Z=0.002), Max=(X=750.915 Y=709.400 Z=177.680) RuntimeGrid:None EditorOnly:0 RuntimeOnly:0 HLODRelevant:0
 |   |   |- Guid:6BAF4DDD444C60371492D3919DB42C97 BaseClass: NativeClass:/Script/Engine.WorldDataLayers Name:WorldDataLayers Label:WorldDataLayers SpatiallyLoaded:0 Bounds:IsValid=true, Min=(X=0.000 Y=0.000 Z=0.000), Max=(X=0.000 Y=0.000 Z=0.000) RuntimeGrid:None EditorOnly:0 RuntimeOnly:0 HLODRelevant:0
 |   |   |- Guid:6FC8D6ED4A7ADF3010B2C2B4DF9EC9F1 BaseClass: NativeClass:/Script/Engine.SkeletalMeshActor Name:SkeletalMeshActor_UAID_B00CD162E1E70A5502_1595533029 Label:Anim_CoupleLeft02 SpatiallyLoaded:1 Bounds:IsValid=true, Min=(X=1869.302 Y=657.553 Z=-1.944), Max=(X=1944.573 Y=740.621 Z=178.656) RuntimeGrid:None EditorOnly:0 RuntimeOnly:0 HLODRelevant:0
 |   |   |- Guid:70E0F142423A883EF422E5B47C4AE111 BaseClass: NativeClass:/Script/Engine.SkeletalMeshActor Name:SkeletalMeshActor_UAID_B00CD162E1E70A5502_1692425046 Label:Anim_Couple04 SpatiallyLoaded:1 Bounds:IsValid=true, Min=(X=3867.248 Y=678.500 Z=-0.052), Max=(X=3953.697 Y=724.663 Z=178.065) RuntimeGrid:None EditorOnly:0 RuntimeOnly:0 HLODRelevant:0
 |   |   |- Guid:7631C14844DC0325A671C086F1D68BE6 BaseClass: NativeClass:/Script/Engine.SkeletalMeshActor Name:SkeletalMeshActor_UAID_B00CD162E1E70A5502_1702860050 Label:Anim_CoupleForwardLeft04 SpatiallyLoaded:1 Bounds:IsValid=true, Min=(X=4067.445 Y=863.828 Z=-1.927), Max=(X=4145.681 Y=935.082 Z=178.587) RuntimeGrid:None EditorOnly:0 RuntimeOnly:0 HLODRelevant:0
 |   |   |- Guid:77D11A044D1C868DE7A754A741809348 BaseClass: NativeClass:/Script/Engine.SkeletalMeshActor Name:SkeletalMeshActor_UAID_B00CD162E1E70A5502_1705176051 Label:Anim_CoupleForwardRight04 SpatiallyLoaded:1 Bounds:IsValid=true, Min=(X=3665.591 Y=876.822 Z=-1.963), Max=(X=3735.721 Y=954.494 Z=178.721) RuntimeGrid:None EditorOnly:0 RuntimeOnly:0 HLODRelevant:0
 |   |   |- Guid:78F756F24FCC53C120881E8607077755 BaseClass: NativeClass:/Script/Engine.DirectionalLight Name:DirectionalLight_UAID_B00CD162E1E7CC5402_1717638104 Label:DirectionalLight SpatiallyLoaded:0 Bounds:IsValid=true, Min=(X=-4398046511104.000 Y=-4398046511104.000 Z=-4398046511104.000), Max=(X=4398046511104.000 Y=4398046511104.000 Z=4398046511104.000) RuntimeGrid:None EditorOnly:0 RuntimeOnly:0 HLODRelevant:0
 |   |   |- Guid:79C2142B495FCAA29E4268B1708BAB40 BaseClass: NativeClass:/Script/Engine.SkeletalMeshActor Name:SkeletalMeshActor_UAID_B00CD162E1E70A5502_1814016064 Label:Anim_Couple06 SpatiallyLoaded:1 Bounds:IsValid=true, Min=(X=1663.017 Y=2180.913 Z=-0.459), Max=(X=1733.191 Y=2229.026 Z=179.790) RuntimeGrid:None EditorOnly:0 RuntimeOnly:0 HLODRelevant:0
 |   |   |- Guid:7C113B1A40296DA71646B59D239782C1 BaseClass: NativeClass:/Script/Engine.SkeletalMeshActor Name:SkeletalMeshActor_UAID_B00CD162E1E70A5502_1828200069 Label:Anim_CoupleForwardRight06 SpatiallyLoaded:1 Bounds:IsValid=true, Min=(X=1457.141 Y=2366.124 Z=-1.761), Max=(X=1536.340 Y=2440.996 Z=179.199) RuntimeGrid:None EditorOnly:0 RuntimeOnly:0 HLODRelevant:0
 |   |   |- Guid:8D5D096848AB4BF56B66A5A5D830D70A BaseClass: NativeClass:/Script/Engine.SkeletalMeshActor Name:SkeletalMeshActor_UAID_B00CD162E1E70A5502_1515062017 Label:Anim_CoupleBackwardLeft01 SpatiallyLoaded:1 Bounds:IsValid=true, Min=(X=872.730 Y=458.291 Z=-1.862), Max=(X=943.835 Y=535.934 Z=179.189) RuntimeGrid:None EditorOnly:0 RuntimeOnly:0 HLODRelevant:0
 |   |   |- Guid:8DCC1CEC478A1DFE99A7DA88A935164B BaseClass: NativeClass:/Script/Engine.SkeletalMeshActor Name:SkeletalMeshActor_UAID_B00CD162E1E70A5502_1602617031 Label:Anim_CoupleForward02 SpatiallyLoaded:1 Bounds:IsValid=true, Min=(X=1658.734 Y=859.462 Z=-1.939), Max=(X=1741.805 Y=935.149 Z=178.703) RuntimeGrid:None EditorOnly:0 RuntimeOnly:0 HLODRelevant:0
 |   |   |- Guid:963673F340C34952CDB13095C392B378 BaseClass: NativeClass:/Script/Engine.SkeletalMeshActor Name:SkeletalMeshActor_UAID_B00CD162E1E70A5502_1803746062 Label:Anim_CoupleBackwardLeft06 SpatiallyLoaded:1 Bounds:IsValid=true, Min=(X=1855.561 Y=1964.965 Z=-1.553), Max=(X=1934.503 Y=2035.403 Z=180.078) RuntimeGrid:None EditorOnly:0 RuntimeOnly:0 HLODRelevant:0
 |   |   |- Guid:984FD64F41AB31038478EB953107DCE2 BaseClass: NativeClass:/Script/Engine.SkeletalMeshActor Name:SkeletalMeshActor_UAID_B00CD162E1E70A5502_1642166038 Label:Anim_CoupleLeft03 SpatiallyLoaded:1 Bounds:IsValid=true, Min=(X=2969.402 Y=667.437 Z=-1.940), Max=(X=3044.871 Y=753.087 Z=178.702) RuntimeGrid:None EditorOnly:0 RuntimeOnly:0 HLODRelevant:0
 |   |   |- Guid:A4B7FD8E49C7185C3DD73A84455A002C BaseClass: NativeClass:/Script/Engine.SkeletalMeshActor Name:SkeletalMeshActor_UAID_B00CD162E1E70A5502_1775459056 Label:Anim_CoupleLeft05 SpatiallyLoaded:1 Bounds:IsValid=true, Min=(X=865.716 Y=2163.919 Z=-1.759), Max=(X=941.303 Y=2234.444 Z=179.215) RuntimeGrid:None EditorOnly:0 RuntimeOnly:0 HLODRelevant:0
 |   |   |- Guid:A6B2C6A64569B4D24C7B4A9A68412C47 BaseClass: NativeClass:/Script/Engine.SkeletalMeshActor Name:SkeletalMeshActor_UAID_B00CD162E1E70A5502_1607389033 Label:Anim_CoupleForwardRight02 SpatiallyLoaded:1 Bounds:IsValid=true, Min=(X=1473.891 Y=862.806 Z=-1.927), Max=(X=1552.945 Y=936.079 Z=178.564) RuntimeGrid:None EditorOnly:0 RuntimeOnly:0 HLODRelevant:0
 |   |   |- Guid:AE2F4997497739011C26A19B0ADF6665 BaseClass: NativeClass:/Script/Engine.SkeletalMeshActor Name:SkeletalMeshActor_UAID_B00CD162E1E70A5502_1685315044 Label:Anim_CoupleBackwardLeft04 SpatiallyLoaded:1 Bounds:IsValid=true, Min=(X=4072.241 Y=468.278 Z=-1.916), Max=(X=4145.194 Y=546.791 Z=178.774) RuntimeGrid:None EditorOnly:0 RuntimeOnly:0 HLODRelevant:0
 |   |   |- Guid:B0CA6553444F29703C96C7A0FA3F1BE0 BaseClass: NativeClass:/Script/Engine.SkeletalMeshActor Name:SkeletalMeshActor_UAID_B00CD162E1E70A5502_1534396023 Label:Anim_CoupleForwardLeft01 SpatiallyLoaded:1 Bounds:IsValid=true, Min=(X=847.008 Y=852.998 Z=-1.951), Max=(X=926.077 Y=925.062 Z=178.778) RuntimeGrid:None EditorOnly:0 RuntimeOnly:0 HLODRelevant:0
 |   |   |- Guid:B6AECA53445DF80278F69A88BD3D6FDB BaseClass: NativeClass:/Script/Engine.SkeletalMeshActor Name:SkeletalMeshActor_UAID_B00CD162E1E70A5502_1644513039 Label:Anim_CoupleRight03 SpatiallyLoaded:1 Bounds:IsValid=true, Min=(X=2564.291 Y=646.257 Z=-1.939), Max=(X=2639.389 Y=731.854 Z=178.703) RuntimeGrid:None EditorOnly:0 RuntimeOnly:0 HLODRelevant:0
 |   |   |- Guid:B812D2B649CFF87703ACF2A09FE94CDC BaseClass: NativeClass:/Script/Engine.SkeletalMeshActor Name:SkeletalMeshActor_UAID_B00CD162E1E70A5502_1764694053 Label:Anim_CoupleBackwardLeft05 SpatiallyLoaded:1 Bounds:IsValid=true, Min=(X=863.638 Y=1962.581 Z=-1.555), Max=(X=933.436 Y=2041.606 Z=180.083) RuntimeGrid:None EditorOnly:0 RuntimeOnly:0 HLODRelevant:0
 |   |   |- Guid:B8340702441B349C2399EFB90222C2D1 BaseClass: NativeClass:/Script/Engine.SkeletalMeshActor Name:SkeletalMeshActor_UAID_B00CD162E1E70A5502_1530484022 Label:Anim_CoupleForward01 SpatiallyLoaded:1 Bounds:IsValid=true, Min=(X=658.095 Y=849.446 Z=-1.948), Max=(X=741.467 Y=925.124 Z=178.778) RuntimeGrid:None EditorOnly:0 RuntimeOnly:0 HLODRelevant:0
 |   |   |- Guid:BE2B4A5443BDF57C7A901DA50DA6B9D4 BaseClass: NativeClass:/Script/Engine.SkeletalMeshActor Name:SkeletalMeshActor_UAID_B00CD162E1E70A5502_1821698066 Label:Anim_CoupleLeft06 SpatiallyLoaded:1 Bounds:IsValid=true, Min=(X=1864.773 Y=2174.987 Z=-1.761), Max=(X=1940.345 Y=2245.931 Z=179.177) RuntimeGrid:None EditorOnly:0 RuntimeOnly:0 HLODRelevant:0
 |   |   |- Guid:BF986F85459128DB5F63FA8435023628 BaseClass: NativeClass:/Script/Engine.SkeletalMeshActor Name:SkeletalMeshActor_UAID_B00CD162E1E70A5502_1589361027 Label:Anim_CoupleBackwardRight02 SpatiallyLoaded:1 Bounds:IsValid=true, Min=(X=1455.764 Y=448.326 Z=-1.864), Max=(X=1527.913 Y=525.923 Z=179.187) RuntimeGrid:None EditorOnly:0 RuntimeOnly:0 HLODRelevant:0
 |   |   |- Guid:C338DA4C4E97F493778EFFBC7CD48784 BaseClass: NativeClass:/Script/Engine.SkeletalMeshActor Name:SkeletalMeshActor_UAID_B00CD162E1E70A5502_1818528065 Label:Anim_CoupleRight06 SpatiallyLoaded:1 Bounds:IsValid=true, Min=(X=1458.725 Y=2163.957 Z=-1.763), Max=(X=1534.237 Y=2234.838 Z=179.163) RuntimeGrid:None EditorOnly:0 RuntimeOnly:0 HLODRelevant:0
 |   |   |- Guid:C39FFA2B4B2C25321FE4E7A212C88851 BaseClass: NativeClass:/Script/Engine.SkeletalMeshActor Name:SkeletalMeshActor_UAID_B00CD162E1E70A5502_1779612058 Label:Anim_CoupleForward05 SpatiallyLoaded:1 Bounds:IsValid=true, Min=(X=665.383 Y=2364.844 Z=-1.759), Max=(X=736.714 Y=2441.012 Z=179.216) RuntimeGrid:None EditorOnly:0 RuntimeOnly:0 HLODRelevant:0
 |   |   |- Guid:C71D318D46634B367A859583E6E0E29A BaseClass: NativeClass:/Script/Engine.VolumetricCloud Name:VolumetricCloud_UAID_B00CD162E1E7CC5402_1718505106 Label:VolumetricCloud SpatiallyLoaded:0 Bounds:IsValid=true, Min=(X=0.000 Y=0.000 Z=0.000), Max=(X=0.000 Y=0.000 Z=0.000) RuntimeGrid:None EditorOnly:0 RuntimeOnly:0 HLODRelevant:0
 |   |   |- Guid:CD3669764D79019B41BD458397F2D984 BaseClass: NativeClass:/Script/Engine.SkeletalMeshActor Name:SkeletalMeshActor_UAID_B00CD162E1E70A5502_1652687042 Label:Anim_CoupleForwardRight03 SpatiallyLoaded:1 Bounds:IsValid=true, Min=(X=2564.319 Y=874.065 Z=-1.938), Max=(X=2642.540 Y=945.721 Z=178.703) RuntimeGrid:None EditorOnly:0 RuntimeOnly:0 HLODRelevant:0
 |   |   |- Guid:D6585ED64AF649E5AD1600B6A8F320B7 BaseClass: NativeClass:/Script/Engine.SkeletalMeshActor Name:SkeletalMeshActor_UAID_B00CD162E1E70A5502_1826198068 Label:Anim_CoupleForwardLeft06 SpatiallyLoaded:1 Bounds:IsValid=true, Min=(X=1865.613 Y=2363.038 Z=-1.761), Max=(X=1940.655 Y=2442.433 Z=179.210) RuntimeGrid:None EditorOnly:0 RuntimeOnly:0 HLODRelevant:0
 |   |   |- Guid:E2633E4E472AC1E3C759B59944125B62 BaseClass: NativeClass:/Script/Engine.SkeletalMeshActor Name:SkeletalMeshActor_UAID_B00CD162E1E70A5502_1701001049 Label:Anim_CoupleForward04 SpatiallyLoaded:1 Bounds:IsValid=true, Min=(X=3868.094 Y=869.453 Z=-1.949), Max=(X=3953.775 Y=945.122 Z=178.776) RuntimeGrid:None EditorOnly:0 RuntimeOnly:0 HLODRelevant:0
 |   |   |- Guid:E3E87EB44411A62B81495E9D8D147F64 BaseClass: NativeClass:/Script/Engine.SkeletalMeshActor Name:SkeletalMeshActor_UAID_B00CD162E1E70A5502_1650427041 Label:Anim_CoupleForwardLeft03 SpatiallyLoaded:1 Bounds:IsValid=true, Min=(X=2964.633 Y=866.834 Z=-1.939), Max=(X=3035.439 Y=944.525 Z=178.703) RuntimeGrid:None EditorOnly:0 RuntimeOnly:0 HLODRelevant:0
 |   |   |- Guid:E924641F4CDDD453652D1E8188CCFC35 BaseClass: NativeClass:/Script/Engine.ExponentialHeightFog Name:ExponentialHeightFog_UAID_B00CD162E1E7CC5402_1718878107 Label:ExponentialHeightFog SpatiallyLoaded:0 Bounds:IsValid=true, Min=(X=0.000 Y=0.000 Z=0.000), Max=(X=0.000 Y=0.000 Z=0.000) RuntimeGrid:None EditorOnly:0 RuntimeOnly:0 HLODRelevant:0
 |   |   |- Guid:EA2F9E0549BE1117878D7AA8CC43E39C BaseClass: NativeClass:/Script/Engine.SkeletalMeshActor Name:SkeletalMeshActor_UAID_B00CD162E1E70A5502_1630711034 Label:Anim_CoupleBackward03 SpatiallyLoaded:1 Bounds:IsValid=true, Min=(X=2756.153 Y=471.865 Z=-1.920), Max=(X=2840.911 Y=547.557 Z=178.777) RuntimeGrid:None EditorOnly:0 RuntimeOnly:0 HLODRelevant:0
 |   |   |- Guid:EE307A2C40A5CBA4144A03888452D909 BaseClass: NativeClass:/Script/Engine.SkeletalMeshActor Name:SkeletalMeshActor_UAID_B00CD162E1E70A5502_1823534067 Label:Anim_CoupleForward06 SpatiallyLoaded:1 Bounds:IsValid=true, Min=(X=1663.324 Y=2364.860 Z=-1.760), Max=(X=1735.025 Y=2440.977 Z=179.216) RuntimeGrid:None EditorOnly:0 RuntimeOnly:0 HLODRelevant:0
 |   |   |- Guid:EEB2B8DD42130D0488AF3F92D73F48FB BaseClass: NativeClass:/Script/Engine.SkeletalMeshActor Name:SkeletalMeshActor_UAID_B00CD162E1E70A5502_1604787032 Label:Anim_CoupleForwardLeft02 SpatiallyLoaded:1 Bounds:IsValid=true, Min=(X=1853.679 Y=856.937 Z=-1.879), Max=(X=1925.489 Y=935.109 Z=178.691) RuntimeGrid:None EditorOnly:0 RuntimeOnly:0 HLODRelevant:0
 |   |   |- Guid:F1924B8D48954B30891B2DB6A694F9CC BaseClass: NativeClass:/Script/Engine.StaticMeshActor Name:StaticMeshActor_1 Label:SM_Cube SpatiallyLoaded:1 Bounds:IsValid=true, Min=(X=0.000 Y=0.000 Z=-50.000), Max=(X=6000.000 Y=6000.000 Z=0.000) RuntimeGrid:None EditorOnly:0 RuntimeOnly:0 HLODRelevant:1 FolderPath:Playground FolderGuid:C73F09FC4215536B1DCE2A9E0A830C70
 |   |   |- Guid:FCDA847B45C29C30259886A8F9E43C96 BaseClass: NativeClass:/Script/Engine.SkeletalMeshActor Name:SkeletalMeshActor_UAID_B00CD162E1E70A5502_1777793057 Label:Anim_CoupleRight05 SpatiallyLoaded:1 Bounds:IsValid=true, Min=(X=459.605 Y=2165.380 Z=-1.759), Max=(X=535.237 Y=2235.970 Z=179.216) RuntimeGrid:None EditorOnly:0 RuntimeOnly:0 HLODRelevant:0
 |   |- [+] Clusters:
 |   |   |- [+] [  0]
 |   |   |   |- Guid:6BAF4DDD444C60371492D3919DB42C97 BaseClass: NativeClass:/Script/Engine.WorldDataLayers Name:WorldDataLayers Label:WorldDataLayers SpatiallyLoaded:0 Bounds:IsValid=true, Min=(X=0.000 Y=0.000 Z=0.000), Max=(X=0.000 Y=0.000 Z=0.000) RuntimeGrid:None EditorOnly:0 RuntimeOnly:0 HLODRelevant:0
 |   |   |- [+] [  1]
 |   |   |   |- Guid:5B97F4A64FB21F77EFC44386BF705B4C BaseClass: NativeClass:/Script/Engine.TextRenderActor Name:TextRenderActor_1 Label:TextRenderActor SpatiallyLoaded:1 Bounds:IsValid=true, Min=(X=-0.100 Y=1100.000 Z=65.013), Max=(X=-0.100 Y=2392.308 Z=215.013) RuntimeGrid:None EditorOnly:0 RuntimeOnly:0 HLODRelevant:0
 |   |   |- [+] [  2]
 |   |   |   |- Guid:47A4F6DE4719E3A0F824C99CE8F1236F BaseClass: NativeClass:/Script/Engine.SkyAtmosphere Name:SkyAtmosphere_UAID_B00CD162E1E7CC5402_1718121105 Label:SkyAtmosphere SpatiallyLoaded:0 Bounds:IsValid=true, Min=(X=0.000 Y=0.000 Z=0.000), Max=(X=0.000 Y=0.000 Z=0.000) RuntimeGrid:None EditorOnly:0 RuntimeOnly:0 HLODRelevant:0
 |   |   |- [+] [  3]
 |   |   |   |- Guid:F1924B8D48954B30891B2DB6A694F9CC BaseClass: NativeClass:/Script/Engine.StaticMeshActor Name:StaticMeshActor_1 Label:SM_Cube SpatiallyLoaded:1 Bounds:IsValid=true, Min=(X=0.000 Y=0.000 Z=-50.000), Max=(X=6000.000 Y=6000.000 Z=0.000) RuntimeGrid:None EditorOnly:0 RuntimeOnly:0 HLODRelevant:1 FolderPath:Playground FolderGuid:C73F09FC4215536B1DCE2A9E0A830C70
 |   |   |- [+] [  4]
 |   |   |   |- Guid:78F756F24FCC53C120881E8607077755 BaseClass: NativeClass:/Script/Engine.DirectionalLight Name:DirectionalLight_UAID_B00CD162E1E7CC5402_1717638104 Label:DirectionalLight SpatiallyLoaded:0 Bounds:IsValid=true, Min=(X=-4398046511104.000 Y=-4398046511104.000 Z=-4398046511104.000), Max=(X=4398046511104.000 Y=4398046511104.000 Z=4398046511104.000) RuntimeGrid:None EditorOnly:0 RuntimeOnly:0 HLODRelevant:0
 |   |   |- [+] [  5]
 |   |   |   |- Guid:E924641F4CDDD453652D1E8188CCFC35 BaseClass: NativeClass:/Script/Engine.ExponentialHeightFog Name:ExponentialHeightFog_UAID_B00CD162E1E7CC5402_1718878107 Label:ExponentialHeightFog SpatiallyLoaded:0 Bounds:IsValid=true, Min=(X=0.000 Y=0.000 Z=0.000), Max=(X=0.000 Y=0.000 Z=0.000) RuntimeGrid:None EditorOnly:0 RuntimeOnly:0 HLODRelevant:0
 |   |   |- [+] [  6]
 |   |   |   |- Guid:3A00AA1C422CE54C0BDB60BAF471BFBB BaseClass: NativeClass:/Script/Engine.PlayerStart Name:PlayerStart_0 Label:PlayerStart SpatiallyLoaded:0 Bounds:IsValid=true, Min=(X=860.000 Y=1070.000 Z=0.013), Max=(X=940.000 Y=1150.000 Z=184.013) RuntimeGrid:None EditorOnly:0 RuntimeOnly:0 HLODRelevant:0
 |   |   |- [+] [  7]
 |   |   |   |- Guid:C71D318D46634B367A859583E6E0E29A BaseClass: NativeClass:/Script/Engine.VolumetricCloud Name:VolumetricCloud_UAID_B00CD162E1E7CC5402_1718505106 Label:VolumetricCloud SpatiallyLoaded:0 Bounds:IsValid=true, Min=(X=0.000 Y=0.000 Z=0.000), Max=(X=0.000 Y=0.000 Z=0.000) RuntimeGrid:None EditorOnly:0 RuntimeOnly:0 HLODRelevant:0
 |   |   |- [+] [  8]
 |   |   |   |- Guid:2B081CDD4F4DCAF1E7547DB74C918BB7 BaseClass: NativeClass:/Script/Engine.SkyLight Name:SkyLight_UAID_B00CD162E1E7CC5402_1717176103 Label:SkyLight SpatiallyLoaded:0 Bounds:IsValid=true, Min=(X=0.000 Y=0.000 Z=0.000), Max=(X=0.000 Y=0.000 Z=0.000) RuntimeGrid:None EditorOnly:0 RuntimeOnly:0 HLODRelevant:0
 |   |   |- [+] [  9]
 |   |   |   |- Guid:22F4ACE84A97055F36DDC28AFCF11D54 BaseClass: NativeClass:/Script/Engine.SkeletalMeshActor Name:SkeletalMeshActor_UAID_B00CD162E1E70A5502_1507537016 Label:Anim_CoupleBackward01 SpatiallyLoaded:1 Bounds:IsValid=true, Min=(X=669.203 Y=461.592 Z=-1.862), Max=(X=751.408 Y=537.267 Z=179.189) RuntimeGrid:None EditorOnly:0 RuntimeOnly:0 HLODRelevant:0
 |   |   |- [+] [ 10]
 |   |   |   |- Guid:8D5D096848AB4BF56B66A5A5D830D70A BaseClass: NativeClass:/Script/Engine.SkeletalMeshActor Name:SkeletalMeshActor_UAID_B00CD162E1E70A5502_1515062017 Label:Anim_CoupleBackwardLeft01 SpatiallyLoaded:1 Bounds:IsValid=true, Min=(X=872.730 Y=458.291 Z=-1.862), Max=(X=943.835 Y=535.934 Z=179.189) RuntimeGrid:None EditorOnly:0 RuntimeOnly:0 HLODRelevant:0
 |   |   |- [+] [ 11]
 |   |   |   |- Guid:4F960B5B4550B85D44FA92ACBF0F87CE BaseClass: NativeClass:/Script/Engine.SkeletalMeshActor Name:SkeletalMeshActor_UAID_B00CD162E1E70A5502_1518176018 Label:Anim_CoupleBackwardRight01 SpatiallyLoaded:1 Bounds:IsValid=true, Min=(X=449.124 Y=466.870 Z=-1.861), Max=(X=526.518 Y=537.595 Z=179.189) RuntimeGrid:None EditorOnly:0 RuntimeOnly:0 HLODRelevant:0
 |   |   |- [+] [ 12]
 |   |   |   |- Guid:6AA6CC7E491C2E54C04973936CD40055 BaseClass: NativeClass:/Script/Engine.SkeletalMeshActor Name:SkeletalMeshActor_UAID_B00CD162E1E70A5502_1521742019 Label:Anim_Couple01 SpatiallyLoaded:1 Bounds:IsValid=true, Min=(X=665.756 Y=661.801 Z=0.002), Max=(X=750.915 Y=709.400 Z=177.680) RuntimeGrid:None EditorOnly:0 RuntimeOnly:0 HLODRelevant:0
 |   |   |- [+] [ 13]
 |   |   |   |- Guid:2EB54FE34FB8E978B3C95AB473677489 BaseClass: NativeClass:/Script/Engine.SkeletalMeshActor Name:SkeletalMeshActor_UAID_B00CD162E1E70A5502_1525421020 Label:Anim_CoupleRight01 SpatiallyLoaded:1 Bounds:IsValid=true, Min=(X=465.426 Y=667.580 Z=-1.951), Max=(X=540.710 Y=750.842 Z=178.778) RuntimeGrid:None EditorOnly:0 RuntimeOnly:0 HLODRelevant:0
 |   |   |- [+] [ 14]
 |   |   |   |- Guid:5999425A4B07FC0813E7BC9BAC3D5286 BaseClass: NativeClass:/Script/Engine.SkeletalMeshActor Name:SkeletalMeshActor_UAID_B00CD162E1E70A5502_1527708021 Label:Anim_CoupleLeft01 SpatiallyLoaded:1 Bounds:IsValid=true, Min=(X=870.283 Y=648.945 Z=-1.951), Max=(X=945.587 Y=732.209 Z=178.778) RuntimeGrid:None EditorOnly:0 RuntimeOnly:0 HLODRelevant:0
 |   |   |- [+] [ 15]
 |   |   |   |- Guid:B8340702441B349C2399EFB90222C2D1 BaseClass: NativeClass:/Script/Engine.SkeletalMeshActor Name:SkeletalMeshActor_UAID_B00CD162E1E70A5502_1530484022 Label:Anim_CoupleForward01 SpatiallyLoaded:1 Bounds:IsValid=true, Min=(X=658.095 Y=849.446 Z=-1.948), Max=(X=741.467 Y=925.124 Z=178.778) RuntimeGrid:None EditorOnly:0 RuntimeOnly:0 HLODRelevant:0
 |   |   |- [+] [ 16]
 |   |   |   |- Guid:B0CA6553444F29703C96C7A0FA3F1BE0 BaseClass: NativeClass:/Script/Engine.SkeletalMeshActor Name:SkeletalMeshActor_UAID_B00CD162E1E70A5502_1534396023 Label:Anim_CoupleForwardLeft01 SpatiallyLoaded:1 Bounds:IsValid=true, Min=(X=847.008 Y=852.998 Z=-1.951), Max=(X=926.077 Y=925.062 Z=178.778) RuntimeGrid:None EditorOnly:0 RuntimeOnly:0 HLODRelevant:0
 |   |   |- [+] [ 17]
 |   |   |   |- Guid:424C93184EA3BFAF558D22872BE208F6 BaseClass: NativeClass:/Script/Engine.SkeletalMeshActor Name:SkeletalMeshActor_UAID_B00CD162E1E70A5502_1536940024 Label:Anim_CoupleForwardRight01 SpatiallyLoaded:1 Bounds:IsValid=true, Min=(X=475.293 Y=846.890 Z=-1.879), Max=(X=546.085 Y=925.101 Z=178.794) RuntimeGrid:None EditorOnly:0 RuntimeOnly:0 HLODRelevant:0
 |   |   |- [+] [ 18]
 |   |   |   |- Guid:23A81F5A4B8F11B768547DA56A6C7415 BaseClass: NativeClass:/Script/Engine.SkeletalMeshActor Name:SkeletalMeshActor_UAID_B00CD162E1E70A5502_1580872025 Label:Anim_CoupleBackward02 SpatiallyLoaded:1 Bounds:IsValid=true, Min=(X=1658.769 Y=441.624 Z=-1.863), Max=(X=1740.804 Y=517.221 Z=179.190) RuntimeGrid:None EditorOnly:0 RuntimeOnly:0 HLODRelevant:0
 |   |   |- [+] [ 19]
 |   |   |   |- Guid:1FA89B3E4973EF34A61EC6890F407F95 BaseClass: NativeClass:/Script/Engine.SkeletalMeshActor Name:SkeletalMeshActor_UAID_B00CD162E1E70A5502_1584257026 Label:Anim_CoupleBackwardLeft02 SpatiallyLoaded:1 Bounds:IsValid=true, Min=(X=1873.487 Y=466.466 Z=-1.864), Max=(X=1950.835 Y=538.246 Z=179.185) RuntimeGrid:None EditorOnly:0 RuntimeOnly:0 HLODRelevant:0
 |   |   |- [+] [ 20]
 |   |   |   |- Guid:BF986F85459128DB5F63FA8435023628 BaseClass: NativeClass:/Script/Engine.SkeletalMeshActor Name:SkeletalMeshActor_UAID_B00CD162E1E70A5502_1589361027 Label:Anim_CoupleBackwardRight02 SpatiallyLoaded:1 Bounds:IsValid=true, Min=(X=1455.764 Y=448.326 Z=-1.864), Max=(X=1527.913 Y=525.923 Z=179.187) RuntimeGrid:None EditorOnly:0 RuntimeOnly:0 HLODRelevant:0
 |   |   |- [+] [ 21]
 |   |   |   |- Guid:3D88248642E5EBAA7BE2BFB6AE723AAC BaseClass: NativeClass:/Script/Engine.SkeletalMeshActor Name:SkeletalMeshActor_UAID_B00CD162E1E70A5502_1592066028 Label:Anim_Couple02 SpatiallyLoaded:1 Bounds:IsValid=true, Min=(X=1659.250 Y=671.866 Z=-0.008), Max=(X=1744.074 Y=719.288 Z=177.679) RuntimeGrid:None EditorOnly:0 RuntimeOnly:0 HLODRelevant:0
 |   |   |- [+] [ 22]
 |   |   |   |- Guid:6FC8D6ED4A7ADF3010B2C2B4DF9EC9F1 BaseClass: NativeClass:/Script/Engine.SkeletalMeshActor Name:SkeletalMeshActor_UAID_B00CD162E1E70A5502_1595533029 Label:Anim_CoupleLeft02 SpatiallyLoaded:1 Bounds:IsValid=true, Min=(X=1869.302 Y=657.553 Z=-1.944), Max=(X=1944.573 Y=740.621 Z=178.656) RuntimeGrid:None EditorOnly:0 RuntimeOnly:0 HLODRelevant:0
 |   |   |- [+] [ 23]
 |   |   |   |- Guid:4ACC7221421E121366CE7D9A4AD753D4 BaseClass: NativeClass:/Script/Engine.SkeletalMeshActor Name:SkeletalMeshActor_UAID_B00CD162E1E70A5502_1598198030 Label:Anim_CoupleRight02 SpatiallyLoaded:1 Bounds:IsValid=true, Min=(X=1454.382 Y=639.198 Z=-1.938), Max=(X=1529.678 Y=722.453 Z=178.522) RuntimeGrid:None EditorOnly:0 RuntimeOnly:0 HLODRelevant:0
 |   |   |- [+] [ 24]
 |   |   |   |- Guid:8DCC1CEC478A1DFE99A7DA88A935164B BaseClass: NativeClass:/Script/Engine.SkeletalMeshActor Name:SkeletalMeshActor_UAID_B00CD162E1E70A5502_1602617031 Label:Anim_CoupleForward02 SpatiallyLoaded:1 Bounds:IsValid=true, Min=(X=1658.734 Y=859.462 Z=-1.939), Max=(X=1741.805 Y=935.149 Z=178.703) RuntimeGrid:None EditorOnly:0 RuntimeOnly:0 HLODRelevant:0
 |   |   |- [+] [ 25]
 |   |   |   |- Guid:EEB2B8DD42130D0488AF3F92D73F48FB BaseClass: NativeClass:/Script/Engine.SkeletalMeshActor Name:SkeletalMeshActor_UAID_B00CD162E1E70A5502_1604787032 Label:Anim_CoupleForwardLeft02 SpatiallyLoaded:1 Bounds:IsValid=true, Min=(X=1853.679 Y=856.937 Z=-1.879), Max=(X=1925.489 Y=935.109 Z=178.691) RuntimeGrid:None EditorOnly:0 RuntimeOnly:0 HLODRelevant:0
 |   |   |- [+] [ 26]
 |   |   |   |- Guid:A6B2C6A64569B4D24C7B4A9A68412C47 BaseClass: NativeClass:/Script/Engine.SkeletalMeshActor Name:SkeletalMeshActor_UAID_B00CD162E1E70A5502_1607389033 Label:Anim_CoupleForwardRight02 SpatiallyLoaded:1 Bounds:IsValid=true, Min=(X=1473.891 Y=862.806 Z=-1.927), Max=(X=1552.945 Y=936.079 Z=178.564) RuntimeGrid:None EditorOnly:0 RuntimeOnly:0 HLODRelevant:0
 |   |   |- [+] [ 27]
 |   |   |   |- Guid:EA2F9E0549BE1117878D7AA8CC43E39C BaseClass: NativeClass:/Script/Engine.SkeletalMeshActor Name:SkeletalMeshActor_UAID_B00CD162E1E70A5502_1630711034 Label:Anim_CoupleBackward03 SpatiallyLoaded:1 Bounds:IsValid=true, Min=(X=2756.153 Y=471.865 Z=-1.920), Max=(X=2840.911 Y=547.557 Z=178.777) RuntimeGrid:None EditorOnly:0 RuntimeOnly:0 HLODRelevant:0
 |   |   |- [+] [ 28]
 |   |   |   |- Guid:5F9F95E8438F467CD05ED1830402E75B BaseClass: NativeClass:/Script/Engine.SkeletalMeshActor Name:SkeletalMeshActor_UAID_B00CD162E1E70A5502_1634048035 Label:Anim_CoupleBackwardLeft03 SpatiallyLoaded:1 Bounds:IsValid=true, Min=(X=2962.121 Y=474.661 Z=-1.921), Max=(X=3041.207 Y=549.041 Z=178.777) RuntimeGrid:None EditorOnly:0 RuntimeOnly:0 HLODRelevant:0
 |   |   |- [+] [ 29]
 |   |   |   |- Guid:01A620F44AD5225A76BCBD81991B4794 BaseClass: NativeClass:/Script/Engine.SkeletalMeshActor Name:SkeletalMeshActor_UAID_B00CD162E1E70A5502_1637400036 Label:Anim_CoupleBackwardRight03 SpatiallyLoaded:1 Bounds:IsValid=true, Min=(X=2565.106 Y=468.293 Z=-1.920), Max=(X=2638.470 Y=546.787 Z=178.777) RuntimeGrid:None EditorOnly:0 RuntimeOnly:0 HLODRelevant:0
 |   |   |- [+] [ 30]
 |   |   |   |- Guid:3C3839024B66BC93C1967D8A466444F6 BaseClass: NativeClass:/Script/Engine.SkeletalMeshActor Name:SkeletalMeshActor_UAID_B00CD162E1E70A5502_1639551037 Label:Anim_Couple03 SpatiallyLoaded:1 Bounds:IsValid=true, Min=(X=2756.204 Y=678.501 Z=-0.053), Max=(X=2843.298 Y=724.686 Z=178.068) RuntimeGrid:None EditorOnly:0 RuntimeOnly:0 HLODRelevant:0
 |   |   |- [+] [ 31]
 |   |   |   |- Guid:984FD64F41AB31038478EB953107DCE2 BaseClass: NativeClass:/Script/Engine.SkeletalMeshActor Name:SkeletalMeshActor_UAID_B00CD162E1E70A5502_1642166038 Label:Anim_CoupleLeft03 SpatiallyLoaded:1 Bounds:IsValid=true, Min=(X=2969.402 Y=667.437 Z=-1.940), Max=(X=3044.871 Y=753.087 Z=178.702) RuntimeGrid:None EditorOnly:0 RuntimeOnly:0 HLODRelevant:0
 |   |   |- [+] [ 32]
 |   |   |   |- Guid:B6AECA53445DF80278F69A88BD3D6FDB BaseClass: NativeClass:/Script/Engine.SkeletalMeshActor Name:SkeletalMeshActor_UAID_B00CD162E1E70A5502_1644513039 Label:Anim_CoupleRight03 SpatiallyLoaded:1 Bounds:IsValid=true, Min=(X=2564.291 Y=646.257 Z=-1.939), Max=(X=2639.389 Y=731.854 Z=178.703) RuntimeGrid:None EditorOnly:0 RuntimeOnly:0 HLODRelevant:0
 |   |   |- [+] [ 33]
 |   |   |   |- Guid:039B08664A8750E09ABA609EF3D59BA0 BaseClass: NativeClass:/Script/Engine.SkeletalMeshActor Name:SkeletalMeshActor_UAID_B00CD162E1E70A5502_1648046040 Label:Anim_CoupleForward03 SpatiallyLoaded:1 Bounds:IsValid=true, Min=(X=2756.136 Y=869.461 Z=-1.940), Max=(X=2841.806 Y=945.146 Z=178.703) RuntimeGrid:None EditorOnly:0 RuntimeOnly:0 HLODRelevant:0
 |   |   |- [+] [ 34]
 |   |   |   |- Guid:E3E87EB44411A62B81495E9D8D147F64 BaseClass: NativeClass:/Script/Engine.SkeletalMeshActor Name:SkeletalMeshActor_UAID_B00CD162E1E70A5502_1650427041 Label:Anim_CoupleForwardLeft03 SpatiallyLoaded:1 Bounds:IsValid=true, Min=(X=2964.633 Y=866.834 Z=-1.939), Max=(X=3035.439 Y=944.525 Z=178.703) RuntimeGrid:None EditorOnly:0 RuntimeOnly:0 HLODRelevant:0
 |   |   |- [+] [ 35]
 |   |   |   |- Guid:CD3669764D79019B41BD458397F2D984 BaseClass: NativeClass:/Script/Engine.SkeletalMeshActor Name:SkeletalMeshActor_UAID_B00CD162E1E70A5502_1652687042 Label:Anim_CoupleForwardRight03 SpatiallyLoaded:1 Bounds:IsValid=true, Min=(X=2564.319 Y=874.065 Z=-1.938), Max=(X=2642.540 Y=945.721 Z=178.703) RuntimeGrid:None EditorOnly:0 RuntimeOnly:0 HLODRelevant:0
 |   |   |- [+] [ 36]
 |   |   |   |- Guid:54F18C664BDE338387750D8BBBD2F900 BaseClass: NativeClass:/Script/Engine.SkeletalMeshActor Name:SkeletalMeshActor_UAID_B00CD162E1E70A5502_1681351043 Label:Anim_CoupleBackward04 SpatiallyLoaded:1 Bounds:IsValid=true, Min=(X=3869.055 Y=461.859 Z=-1.917), Max=(X=3953.739 Y=537.577 Z=178.777) RuntimeGrid:None EditorOnly:0 RuntimeOnly:0 HLODRelevant:0
 |   |   |- [+] [ 37]
 |   |   |   |- Guid:AE2F4997497739011C26A19B0ADF6665 BaseClass: NativeClass:/Script/Engine.SkeletalMeshActor Name:SkeletalMeshActor_UAID_B00CD162E1E70A5502_1685315044 Label:Anim_CoupleBackwardLeft04 SpatiallyLoaded:1 Bounds:IsValid=true, Min=(X=4072.241 Y=468.278 Z=-1.916), Max=(X=4145.194 Y=546.791 Z=178.774) RuntimeGrid:None EditorOnly:0 RuntimeOnly:0 HLODRelevant:0
 |   |   |- [+] [ 38]
 |   |   |   |- Guid:4BCD00EB4BB900D62CA5E494F841B8FA BaseClass: NativeClass:/Script/Engine.SkeletalMeshActor Name:SkeletalMeshActor_UAID_B00CD162E1E70A5502_1689962045 Label:Anim_CoupleBackwardRight04 SpatiallyLoaded:1 Bounds:IsValid=true, Min=(X=3648.771 Y=464.375 Z=-1.917), Max=(X=3727.871 Y=538.324 Z=178.770) RuntimeGrid:None EditorOnly:0 RuntimeOnly:0 HLODRelevant:0
 |   |   |- [+] [ 39]
 |   |   |   |- Guid:70E0F142423A883EF422E5B47C4AE111 BaseClass: NativeClass:/Script/Engine.SkeletalMeshActor Name:SkeletalMeshActor_UAID_B00CD162E1E70A5502_1692425046 Label:Anim_Couple04 SpatiallyLoaded:1 Bounds:IsValid=true, Min=(X=3867.248 Y=678.500 Z=-0.052), Max=(X=3953.697 Y=724.663 Z=178.065) RuntimeGrid:None EditorOnly:0 RuntimeOnly:0 HLODRelevant:0
 |   |   |- [+] [ 40]
 |   |   |   |- Guid:1E76F2454AC7CC89038DABAF41A4912D BaseClass: NativeClass:/Script/Engine.SkeletalMeshActor Name:SkeletalMeshActor_UAID_B00CD162E1E70A5502_1695692047 Label:Anim_CoupleLeft04 SpatiallyLoaded:1 Bounds:IsValid=true, Min=(X=4070.609 Y=646.377 Z=-1.945), Max=(X=4145.716 Y=732.311 Z=178.579) RuntimeGrid:None EditorOnly:0 RuntimeOnly:0 HLODRelevant:0
 |   |   |- [+] [ 41]
 |   |   |   |- Guid:4CB93A604269EF3AC208968C30E16A0B BaseClass: NativeClass:/Script/Engine.SkeletalMeshActor Name:SkeletalMeshActor_UAID_B00CD162E1E70A5502_1698228048 Label:Anim_CoupleRight04 SpatiallyLoaded:1 Bounds:IsValid=true, Min=(X=3655.105 Y=667.131 Z=-1.946), Max=(X=3730.583 Y=752.986 Z=178.665) RuntimeGrid:None EditorOnly:0 RuntimeOnly:0 HLODRelevant:0
 |   |   |- [+] [ 42]
 |   |   |   |- Guid:E2633E4E472AC1E3C759B59944125B62 BaseClass: NativeClass:/Script/Engine.SkeletalMeshActor Name:SkeletalMeshActor_UAID_B00CD162E1E70A5502_1701001049 Label:Anim_CoupleForward04 SpatiallyLoaded:1 Bounds:IsValid=true, Min=(X=3868.094 Y=869.453 Z=-1.949), Max=(X=3953.775 Y=945.122 Z=178.776) RuntimeGrid:None EditorOnly:0 RuntimeOnly:0 HLODRelevant:0
 |   |   |- [+] [ 43]
 |   |   |   |- Guid:7631C14844DC0325A671C086F1D68BE6 BaseClass: NativeClass:/Script/Engine.SkeletalMeshActor Name:SkeletalMeshActor_UAID_B00CD162E1E70A5502_1702860050 Label:Anim_CoupleForwardLeft04 SpatiallyLoaded:1 Bounds:IsValid=true, Min=(X=4067.445 Y=863.828 Z=-1.927), Max=(X=4145.681 Y=935.082 Z=178.587) RuntimeGrid:None EditorOnly:0 RuntimeOnly:0 HLODRelevant:0
 |   |   |- [+] [ 44]
 |   |   |   |- Guid:77D11A044D1C868DE7A754A741809348 BaseClass: NativeClass:/Script/Engine.SkeletalMeshActor Name:SkeletalMeshActor_UAID_B00CD162E1E70A5502_1705176051 Label:Anim_CoupleForwardRight04 SpatiallyLoaded:1 Bounds:IsValid=true, Min=(X=3665.591 Y=876.822 Z=-1.963), Max=(X=3735.721 Y=954.494 Z=178.721) RuntimeGrid:None EditorOnly:0 RuntimeOnly:0 HLODRelevant:0
 |   |   |- [+] [ 45]
 |   |   |   |- Guid:5EB0B66C4F6DE26F082BB4AE5AFB72EF BaseClass: NativeClass:/Script/Engine.SkeletalMeshActor Name:SkeletalMeshActor_UAID_B00CD162E1E70A5502_1759913052 Label:Anim_CoupleBackward05 SpatiallyLoaded:1 Bounds:IsValid=true, Min=(X=666.336 Y=1954.817 Z=-1.555), Max=(X=736.172 Y=2030.933 Z=180.084) RuntimeGrid:None EditorOnly:0 RuntimeOnly:0 HLODRelevant:0
 |   |   |- [+] [ 46]
 |   |   |   |- Guid:B812D2B649CFF87703ACF2A09FE94CDC BaseClass: NativeClass:/Script/Engine.SkeletalMeshActor Name:SkeletalMeshActor_UAID_B00CD162E1E70A5502_1764694053 Label:Anim_CoupleBackwardLeft05 SpatiallyLoaded:1 Bounds:IsValid=true, Min=(X=863.638 Y=1962.581 Z=-1.555), Max=(X=933.436 Y=2041.606 Z=180.083) RuntimeGrid:None EditorOnly:0 RuntimeOnly:0 HLODRelevant:0
 |   |   |- [+] [ 47]
 |   |   |   |- Guid:14C9D36B4B5FB2AEC3E52C833965CB2D BaseClass: NativeClass:/Script/Engine.SkeletalMeshActor Name:SkeletalMeshActor_UAID_B00CD162E1E70A5502_1767560054 Label:Anim_CoupleBackwardRight05 SpatiallyLoaded:1 Bounds:IsValid=true, Min=(X=465.463 Y=1964.963 Z=-1.554), Max=(X=544.453 Y=2034.721 Z=180.083) RuntimeGrid:None EditorOnly:0 RuntimeOnly:0 HLODRelevant:0
 |   |   |- [+] [ 48]
 |   |   |   |- Guid:0B5E714C40D12767AE8346BA1768EC58 BaseClass: NativeClass:/Script/Engine.SkeletalMeshActor Name:SkeletalMeshActor_UAID_B00CD162E1E70A5502_1772106055 Label:Anim_Couple05 SpatiallyLoaded:1 Bounds:IsValid=true, Min=(X=666.987 Y=2180.885 Z=-0.452), Max=(X=737.064 Y=2229.076 Z=179.791) RuntimeGrid:None EditorOnly:0 RuntimeOnly:0 HLODRelevant:0
 |   |   |- [+] [ 49]
 |   |   |   |- Guid:A4B7FD8E49C7185C3DD73A84455A002C BaseClass: NativeClass:/Script/Engine.SkeletalMeshActor Name:SkeletalMeshActor_UAID_B00CD162E1E70A5502_1775459056 Label:Anim_CoupleLeft05 SpatiallyLoaded:1 Bounds:IsValid=true, Min=(X=865.716 Y=2163.919 Z=-1.759), Max=(X=941.303 Y=2234.444 Z=179.215) RuntimeGrid:None EditorOnly:0 RuntimeOnly:0 HLODRelevant:0
 |   |   |- [+] [ 50]
 |   |   |   |- Guid:FCDA847B45C29C30259886A8F9E43C96 BaseClass: NativeClass:/Script/Engine.SkeletalMeshActor Name:SkeletalMeshActor_UAID_B00CD162E1E70A5502_1777793057 Label:Anim_CoupleRight05 SpatiallyLoaded:1 Bounds:IsValid=true, Min=(X=459.605 Y=2165.380 Z=-1.759), Max=(X=535.237 Y=2235.970 Z=179.216) RuntimeGrid:None EditorOnly:0 RuntimeOnly:0 HLODRelevant:0
 |   |   |- [+] [ 51]
 |   |   |   |- Guid:C39FFA2B4B2C25321FE4E7A212C88851 BaseClass: NativeClass:/Script/Engine.SkeletalMeshActor Name:SkeletalMeshActor_UAID_B00CD162E1E70A5502_1779612058 Label:Anim_CoupleForward05 SpatiallyLoaded:1 Bounds:IsValid=true, Min=(X=665.383 Y=2364.844 Z=-1.759), Max=(X=736.714 Y=2441.012 Z=179.216) RuntimeGrid:None EditorOnly:0 RuntimeOnly:0 HLODRelevant:0
 |   |   |- [+] [ 52]
 |   |   |   |- Guid:2734B18749F40F296D34D0AB44653B3E BaseClass: NativeClass:/Script/Engine.SkeletalMeshActor Name:SkeletalMeshActor_UAID_B00CD162E1E70A5502_1781449059 Label:Anim_CoupleForwardLeft05 SpatiallyLoaded:1 Bounds:IsValid=true, Min=(X=863.628 Y=2366.129 Z=-1.760), Max=(X=942.869 Y=2440.344 Z=179.216) RuntimeGrid:None EditorOnly:0 RuntimeOnly:0 HLODRelevant:0
 |   |   |- [+] [ 53]
 |   |   |   |- Guid:4A6C8306425806B0D9518EB82B1D3350 BaseClass: NativeClass:/Script/Engine.SkeletalMeshActor Name:SkeletalMeshActor_UAID_B00CD162E1E70A5502_1783514060 Label:Anim_CoupleForwardRight05 SpatiallyLoaded:1 Bounds:IsValid=true, Min=(X=459.992 Y=2363.008 Z=-1.760), Max=(X=534.389 Y=2442.441 Z=179.216) RuntimeGrid:None EditorOnly:0 RuntimeOnly:0 HLODRelevant:0
 |   |   |- [+] [ 54]
 |   |   |   |- Guid:38F89E3448D50021F82E8CA1817FA3EB BaseClass: NativeClass:/Script/Engine.SkeletalMeshActor Name:SkeletalMeshActor_UAID_B00CD162E1E70A5502_1800539061 Label:Anim_CoupleBackward06 SpatiallyLoaded:1 Bounds:IsValid=true, Min=(X=1663.856 Y=1964.840 Z=-1.557), Max=(X=1734.170 Y=2040.891 Z=180.084) RuntimeGrid:None EditorOnly:0 RuntimeOnly:0 HLODRelevant:0
 |   |   |- [+] [ 55]
 |   |   |   |- Guid:963673F340C34952CDB13095C392B378 BaseClass: NativeClass:/Script/Engine.SkeletalMeshActor Name:SkeletalMeshActor_UAID_B00CD162E1E70A5502_1803746062 Label:Anim_CoupleBackwardLeft06 SpatiallyLoaded:1 Bounds:IsValid=true, Min=(X=1855.561 Y=1964.965 Z=-1.553), Max=(X=1934.503 Y=2035.403 Z=180.078) RuntimeGrid:None EditorOnly:0 RuntimeOnly:0 HLODRelevant:0
 |   |   |- [+] [ 56]
 |   |   |   |- Guid:24CB026847EFB264ED603791E2B27C84 BaseClass: NativeClass:/Script/Engine.SkeletalMeshActor Name:SkeletalMeshActor_UAID_B00CD162E1E70A5502_1807758063 Label:Anim_CoupleBackwardRight06 SpatiallyLoaded:1 Bounds:IsValid=true, Min=(X=1466.568 Y=1952.634 Z=-1.557), Max=(X=1537.040 Y=2031.613 Z=180.077) RuntimeGrid:None EditorOnly:0 RuntimeOnly:0 HLODRelevant:0
 |   |   |- [+] [ 57]
 |   |   |   |- Guid:79C2142B495FCAA29E4268B1708BAB40 BaseClass: NativeClass:/Script/Engine.SkeletalMeshActor Name:SkeletalMeshActor_UAID_B00CD162E1E70A5502_1814016064 Label:Anim_Couple06 SpatiallyLoaded:1 Bounds:IsValid=true, Min=(X=1663.017 Y=2180.913 Z=-0.459), Max=(X=1733.191 Y=2229.026 Z=179.790) RuntimeGrid:None EditorOnly:0 RuntimeOnly:0 HLODRelevant:0
 |   |   |- [+] [ 58]
 |   |   |   |- Guid:C338DA4C4E97F493778EFFBC7CD48784 BaseClass: NativeClass:/Script/Engine.SkeletalMeshActor Name:SkeletalMeshActor_UAID_B00CD162E1E70A5502_1818528065 Label:Anim_CoupleRight06 SpatiallyLoaded:1 Bounds:IsValid=true, Min=(X=1458.725 Y=2163.957 Z=-1.763), Max=(X=1534.237 Y=2234.838 Z=179.163) RuntimeGrid:None EditorOnly:0 RuntimeOnly:0 HLODRelevant:0
 |   |   |- [+] [ 59]
 |   |   |   |- Guid:BE2B4A5443BDF57C7A901DA50DA6B9D4 BaseClass: NativeClass:/Script/Engine.SkeletalMeshActor Name:SkeletalMeshActor_UAID_B00CD162E1E70A5502_1821698066 Label:Anim_CoupleLeft06 SpatiallyLoaded:1 Bounds:IsValid=true, Min=(X=1864.773 Y=2174.987 Z=-1.761), Max=(X=1940.345 Y=2245.931 Z=179.177) RuntimeGrid:None EditorOnly:0 RuntimeOnly:0 HLODRelevant:0
 |   |   |- [+] [ 60]
 |   |   |   |- Guid:EE307A2C40A5CBA4144A03888452D909 BaseClass: NativeClass:/Script/Engine.SkeletalMeshActor Name:SkeletalMeshActor_UAID_B00CD162E1E70A5502_1823534067 Label:Anim_CoupleForward06 SpatiallyLoaded:1 Bounds:IsValid=true, Min=(X=1663.324 Y=2364.860 Z=-1.760), Max=(X=1735.025 Y=2440.977 Z=179.216) RuntimeGrid:None EditorOnly:0 RuntimeOnly:0 HLODRelevant:0
 |   |   |- [+] [ 61]
 |   |   |   |- Guid:D6585ED64AF649E5AD1600B6A8F320B7 BaseClass: NativeClass:/Script/Engine.SkeletalMeshActor Name:SkeletalMeshActor_UAID_B00CD162E1E70A5502_1826198068 Label:Anim_CoupleForwardLeft06 SpatiallyLoaded:1 Bounds:IsValid=true, Min=(X=1865.613 Y=2363.038 Z=-1.761), Max=(X=1940.655 Y=2442.433 Z=179.210) RuntimeGrid:None EditorOnly:0 RuntimeOnly:0 HLODRelevant:0
 |   |   |- [+] [ 62]
 |   |   |   |- Guid:7C113B1A40296DA71646B59D239782C1 BaseClass: NativeClass:/Script/Engine.SkeletalMeshActor Name:SkeletalMeshActor_UAID_B00CD162E1E70A5502_1828200069 Label:Anim_CoupleForwardRight06 SpatiallyLoaded:1 Bounds:IsValid=true, Min=(X=1457.141 Y=2366.124 Z=-1.761), Max=(X=1536.340 Y=2440.996 Z=179.199) RuntimeGrid:None EditorOnly:0 RuntimeOnly:0 HLODRelevant:0
 |- ContainerInstances:
 |- [+] MainContainer:
 |   |-        ID: 0x0000000000000000
 |   |-    Bounds: IsValid=false, Min=(X=0.000 Y=0.000 Z=0.000), Max=(X=0.000 Y=0.000 Z=0.000)
 |   |- Transform: 0.000000,0.000000,0.000000|0.000000,0.000000,-0.000000|1.000000,1.000000,1.000000
 |   |- Container: /Game/ThirdPerson/Maps/ThirdPersonMap
----------------------------------------------------------------------------------------------------------------
ThirdPersonMap - Persistent Level
----------------------------------------------------------------------------------------------------------------
Always loaded Actor Count: 88 

----------------------------------------------------------------------------------------------------------------
ThirdPersonMap - Runtime Spatial Hash - Streaming Grid - MainGrid
----------------------------------------------------------------------------------------------------------------
            Origin: X=0.000 Y=0.000 Z=0.000
         Cell Size: 12800
      World Bounds: IsValid=false, Min=(X=0.000 Y=0.000 Z=0.000), Max=(X=0.000 Y=0.000 Z=0.000)
     Loading Range: 25600.00
Block Slow Loading: No
 ClientOnlyVisible: No

[+] Grid Levels: 1
 |- Level  0: Cell Count    0 | Cell Size   12800 | Actor Count    0 (0.0%)

[+] Content of Grid Level 0

