[+] Containers:
 |- [+] Container: /Game/ThirdPerson/Maps/ThirdPersonMap
 |   |- [+] ActorDescs:
 |   |   |- Guid:01A620F44AD5225A76BCBD81991B4794 BaseClass: NativeClass:/Script/Engine.SkeletalMeshActor Name:SkeletalMeshActor_UAID_B00CD162E1E70A5502_1637400036 Label:Anim_CoupleBackwardRight03 SpatiallyLoaded:1 Bounds:IsValid=true, Min=(X=2565.106 Y=468.293 Z=-1.920), Max=(X=2638.470 Y=546.787 Z=178.777) RuntimeGrid:None EditorOnly:0 RuntimeOnly:0 HLODRelevant:0
 |   |   |- Guid:039B08664A8750E09ABA609EF3D59BA0 BaseClass: NativeClass:/Script/Engine.SkeletalMeshActor Name:SkeletalMeshActor_UAID_B00CD162E1E70A5502_1648046040 Label:Anim_CoupleForward03 SpatiallyLoaded:1 Bounds:IsValid=true, Min=(X=2756.136 Y=869.461 Z=-1.940), Max=(X=2841.806 Y=945.146 Z=178.703) RuntimeGrid:None EditorOnly:0 RuntimeOnly:0 HLODRelevant:0
 |   |   |- Guid:1FA89B3E4973EF34A61EC6890F407F95 BaseClass: NativeClass:/Script/Engine.SkeletalMeshActor Name:SkeletalMeshActor_UAID_B00CD162E1E70A5502_1584257026 Label:Anim_CoupleBackwardLeft02 SpatiallyLoaded:1 Bounds:IsValid=true, Min=(X=1873.487 Y=466.466 Z=-1.864), Max=(X=1950.835 Y=538.246 Z=179.185) RuntimeGrid:None EditorOnly:0 RuntimeOnly:0 HLODRelevant:0
 |   |   |- Guid:22F4ACE84A97055F36DDC28AFCF11D54 BaseClass: NativeClass:/Script/Engine.SkeletalMeshActor Name:SkeletalMeshActor_UAID_B00CD162E1E70A5502_1507537016 Label:Anim_CoupleBackward01 SpatiallyLoaded:1 Bounds:IsValid=true, Min=(X=669.203 Y=461.592 Z=-1.862), Max=(X=751.408 Y=537.267 Z=179.189) RuntimeGrid:None EditorOnly:0 RuntimeOnly:0 HLODRelevant:0
 |   |   |- Guid:23A81F5A4B8F11B768547DA56A6C7415 BaseClass: NativeClass:/Script/Engine.SkeletalMeshActor Name:SkeletalMeshActor_UAID_B00CD162E1E70A5502_1580872025 Label:Anim_CoupleBackward02 SpatiallyLoaded:1 Bounds:IsValid=true, Min=(X=1658.769 Y=441.624 Z=-1.863), Max=(X=1740.804 Y=517.221 Z=179.190) RuntimeGrid:None EditorOnly:0 RuntimeOnly:0 HLODRelevant:0
 |   |   |- Guid:2B081CDD4F4DCAF1E7547DB74C918BB7 BaseClass: NativeClass:/Script/Engine.SkyLight Name:SkyLight_UAID_B00CD162E1E7CC5402_1717176103 Label:SkyLight SpatiallyLoaded:0 Bounds:IsValid=true, Min=(X=0.000 Y=0.000 Z=0.000), Max=(X=0.000 Y=0.000 Z=0.000) RuntimeGrid:None EditorOnly:0 RuntimeOnly:0 HLODRelevant:0
 |   |   |- Guid:2EB54FE34FB8E978B3C95AB473677489 BaseClass: NativeClass:/Script/Engine.SkeletalMeshActor Name:SkeletalMeshActor_UAID_B00CD162E1E70A5502_1525421020 Label:Anim_CoupleRight01 SpatiallyLoaded:1 Bounds:IsValid=true, Min=(X=465.426 Y=667.580 Z=-1.951), Max=(X=540.710 Y=750.842 Z=178.778) RuntimeGrid:None EditorOnly:0 RuntimeOnly:0 HLODRelevant:0
 |   |   |- Guid:3A00AA1C422CE54C0BDB60BAF471BFBB BaseClass: NativeClass:/Script/Engine.PlayerStart Name:PlayerStart_0 Label:PlayerStart SpatiallyLoaded:0 Bounds:IsValid=true, Min=(X=860.000 Y=1070.000 Z=0.013), Max=(X=940.000 Y=1150.000 Z=184.013) RuntimeGrid:None EditorOnly:0 RuntimeOnly:0 HLODRelevant:0
 |   |   |- Guid:3C3839024B66BC93C1967D8A466444F6 BaseClass: NativeClass:/Script/Engine.SkeletalMeshActor Name:SkeletalMeshActor_UAID_B00CD162E1E70A5502_1639551037 Label:Anim_Couple03 SpatiallyLoaded:1 Bounds:IsValid=true, Min=(X=2756.204 Y=678.501 Z=-0.053), Max=(X=2843.298 Y=724.686 Z=178.068) RuntimeGrid:None EditorOnly:0 RuntimeOnly:0 HLODRelevant:0
 |   |   |- Guid:3D88248642E5EBAA7BE2BFB6AE723AAC BaseClass: NativeClass:/Script/Engine.SkeletalMeshActor Name:SkeletalMeshActor_UAID_B00CD162E1E70A5502_1592066028 Label:Anim_Couple02 SpatiallyLoaded:1 Bounds:IsValid=true, Min=(X=1659.250 Y=671.866 Z=-0.008), Max=(X=1744.074 Y=719.288 Z=177.679) RuntimeGrid:None EditorOnly:0 RuntimeOnly:0 HLODRelevant:0
 |   |   |- Guid:424C93184EA3BFAF558D22872BE208F6 BaseClass: NativeClass:/Script/Engine.SkeletalMeshActor Name:SkeletalMeshActor_UAID_B00CD162E1E70A5502_1536940024 Label:Anim_CoupleForwardRight01 SpatiallyLoaded:1 Bounds:IsValid=true, Min=(X=475.293 Y=846.890 Z=-1.879), Max=(X=546.085 Y=925.101 Z=178.794) RuntimeGrid:None EditorOnly:0 RuntimeOnly:0 HLODRelevant:0
 |   |   |- Guid:47A4F6DE4719E3A0F824C99CE8F1236F BaseClass: NativeClass:/Script/Engine.SkyAtmosphere Name:SkyAtmosphere_UAID_B00CD162E1E7CC5402_1718121105 Label:SkyAtmosphere SpatiallyLoaded:0 Bounds:IsValid=true, Min=(X=0.000 Y=0.000 Z=0.000), Max=(X=0.000 Y=0.000 Z=0.000) RuntimeGrid:None EditorOnly:0 RuntimeOnly:0 HLODRelevant:0
 |   |   |- Guid:4ACC7221421E121366CE7D9A4AD753D4 BaseClass: NativeClass:/Script/Engine.SkeletalMeshActor Name:SkeletalMeshActor_UAID_B00CD162E1E70A5502_1598198030 Label:Anim_CoupleRight02 SpatiallyLoaded:1 Bounds:IsValid=true, Min=(X=1454.382 Y=639.198 Z=-1.938), Max=(X=1529.678 Y=722.453 Z=178.522) RuntimeGrid:None EditorOnly:0 RuntimeOnly:0 HLODRelevant:0
 |   |   |- Guid:4F960B5B4550B85D44FA92ACBF0F87CE BaseClass: NativeClass:/Script/Engine.SkeletalMeshActor Name:SkeletalMeshActor_UAID_B00CD162E1E70A5502_1518176018 Label:Anim_CoupleBackwardRight01 SpatiallyLoaded:1 Bounds:IsValid=true, Min=(X=449.124 Y=466.870 Z=-1.861), Max=(X=526.518 Y=537.595 Z=179.189) RuntimeGrid:None EditorOnly:0 RuntimeOnly:0 HLODRelevant:0
 |   |   |- Guid:5999425A4B07FC0813E7BC9BAC3D5286 BaseClass: NativeClass:/Script/Engine.SkeletalMeshActor Name:SkeletalMeshActor_UAID_B00CD162E1E70A5502_1527708021 Label:Anim_CoupleLeft01 SpatiallyLoaded:1 Bounds:IsValid=true, Min=(X=870.283 Y=648.945 Z=-1.951), Max=(X=945.587 Y=732.209 Z=178.778) RuntimeGrid:None EditorOnly:0 RuntimeOnly:0 HLODRelevant:0
 |   |   |- Guid:5B97F4A64FB21F77EFC44386BF705B4C BaseClass: NativeClass:/Script/Engine.TextRenderActor Name:TextRenderActor_1 Label:TextRenderActor SpatiallyLoaded:1 Bounds:IsValid=true, Min=(X=-0.100 Y=1100.000 Z=65.013), Max=(X=-0.100 Y=2392.308 Z=215.013) RuntimeGrid:None EditorOnly:0 RuntimeOnly:0 HLODRelevant:0
 |   |   |- Guid:5F9F95E8438F467CD05ED1830402E75B BaseClass: NativeClass:/Script/Engine.SkeletalMeshActor Name:SkeletalMeshActor_UAID_B00CD162E1E70A5502_1634048035 Label:Anim_CoupleBackwardLeft03 SpatiallyLoaded:1 Bounds:IsValid=true, Min=(X=2962.121 Y=474.661 Z=-1.921), Max=(X=3041.207 Y=549.041 Z=178.777) RuntimeGrid:None EditorOnly:0 RuntimeOnly:0 HLODRelevant:0
 |   |   |- Guid:6AA6CC7E491C2E54C04973936CD40055 BaseClass: NativeClass:/Script/Engine.SkeletalMeshActor Name:SkeletalMeshActor_UAID_B00CD162E1E70A5502_1521742019 Label:Anim_Couple01 SpatiallyLoaded:1 Bounds:IsValid=true, Min=(X=665.756 Y=661.801 Z=0.002), Max=(X=750.915 Y=709.400 Z=177.680) RuntimeGrid:None EditorOnly:0 RuntimeOnly:0 HLODRelevant:0
 |   |   |- Guid:6BAF4DDD444C60371492D3919DB42C97 BaseClass: NativeClass:/Script/Engine.WorldDataLayers Name:WorldDataLayers Label:WorldDataLayers SpatiallyLoaded:0 Bounds:IsValid=true, Min=(X=0.000 Y=0.000 Z=0.000), Max=(X=0.000 Y=0.000 Z=0.000) RuntimeGrid:None EditorOnly:0 RuntimeOnly:0 HLODRelevant:0
 |   |   |- Guid:6FC8D6ED4A7ADF3010B2C2B4DF9EC9F1 BaseClass: NativeClass:/Script/Engine.SkeletalMeshActor Name:SkeletalMeshActor_UAID_B00CD162E1E70A5502_1595533029 Label:Anim_CoupleLeft02 SpatiallyLoaded:1 Bounds:IsValid=true, Min=(X=1869.302 Y=657.553 Z=-1.944), Max=(X=1944.573 Y=740.621 Z=178.656) RuntimeGrid:None EditorOnly:0 RuntimeOnly:0 HLODRelevant:0
 |   |   |- Guid:78F756F24FCC53C120881E8607077755 BaseClass: NativeClass:/Script/Engine.DirectionalLight Name:DirectionalLight_UAID_B00CD162E1E7CC5402_1717638104 Label:DirectionalLight SpatiallyLoaded:0 Bounds:IsValid=true, Min=(X=-4398046511104.000 Y=-4398046511104.000 Z=-4398046511104.000), Max=(X=4398046511104.000 Y=4398046511104.000 Z=4398046511104.000) RuntimeGrid:None EditorOnly:0 RuntimeOnly:0 HLODRelevant:0
 |   |   |- Guid:8D5D096848AB4BF56B66A5A5D830D70A BaseClass: NativeClass:/Script/Engine.SkeletalMeshActor Name:SkeletalMeshActor_UAID_B00CD162E1E70A5502_1515062017 Label:Anim_CoupleBackwardLeft01 SpatiallyLoaded:1 Bounds:IsValid=true, Min=(X=872.730 Y=458.291 Z=-1.862), Max=(X=943.835 Y=535.934 Z=179.189) RuntimeGrid:None EditorOnly:0 RuntimeOnly:0 HLODRelevant:0
 |   |   |- Guid:8DCC1CEC478A1DFE99A7DA88A935164B BaseClass: NativeClass:/Script/Engine.SkeletalMeshActor Name:SkeletalMeshActor_UAID_B00CD162E1E70A5502_1602617031 Label:Anim_CoupleForward02 SpatiallyLoaded:1 Bounds:IsValid=true, Min=(X=1658.734 Y=859.462 Z=-1.939), Max=(X=1741.805 Y=935.149 Z=178.703) RuntimeGrid:None EditorOnly:0 RuntimeOnly:0 HLODRelevant:0
 |   |   |- Guid:984FD64F41AB31038478EB953107DCE2 BaseClass: NativeClass:/Script/Engine.SkeletalMeshActor Name:SkeletalMeshActor_UAID_B00CD162E1E70A5502_1642166038 Label:Anim_CoupleLeft03 SpatiallyLoaded:1 Bounds:IsValid=true, Min=(X=2969.402 Y=667.437 Z=-1.940), Max=(X=3044.871 Y=753.087 Z=178.702) RuntimeGrid:None EditorOnly:0 RuntimeOnly:0 HLODRelevant:0
 |   |   |- Guid:A6B2C6A64569B4D24C7B4A9A68412C47 BaseClass: NativeClass:/Script/Engine.SkeletalMeshActor Name:SkeletalMeshActor_UAID_B00CD162E1E70A5502_1607389033 Label:Anim_CoupleForwardRight02 SpatiallyLoaded:1 Bounds:IsValid=true, Min=(X=1473.891 Y=862.806 Z=-1.927), Max=(X=1552.945 Y=936.079 Z=178.564) RuntimeGrid:None EditorOnly:0 RuntimeOnly:0 HLODRelevant:0
 |   |   |- Guid:B0CA6553444F29703C96C7A0FA3F1BE0 BaseClass: NativeClass:/Script/Engine.SkeletalMeshActor Name:SkeletalMeshActor_UAID_B00CD162E1E70A5502_1534396023 Label:Anim_CoupleForwardLeft01 SpatiallyLoaded:1 Bounds:IsValid=true, Min=(X=847.008 Y=852.998 Z=-1.951), Max=(X=926.077 Y=925.062 Z=178.778) RuntimeGrid:None EditorOnly:0 RuntimeOnly:0 HLODRelevant:0
 |   |   |- Guid:B6AECA53445DF80278F69A88BD3D6FDB BaseClass: NativeClass:/Script/Engine.SkeletalMeshActor Name:SkeletalMeshActor_UAID_B00CD162E1E70A5502_1644513039 Label:Anim_CoupleRight03 SpatiallyLoaded:1 Bounds:IsValid=true, Min=(X=2564.291 Y=646.257 Z=-1.939), Max=(X=2639.389 Y=731.854 Z=178.703) RuntimeGrid:None EditorOnly:0 RuntimeOnly:0 HLODRelevant:0
 |   |   |- Guid:B8340702441B349C2399EFB90222C2D1 BaseClass: NativeClass:/Script/Engine.SkeletalMeshActor Name:SkeletalMeshActor_UAID_B00CD162E1E70A5502_1530484022 Label:Anim_CoupleForward01 SpatiallyLoaded:1 Bounds:IsValid=true, Min=(X=658.095 Y=849.446 Z=-1.948), Max=(X=741.467 Y=925.124 Z=178.778) RuntimeGrid:None EditorOnly:0 RuntimeOnly:0 HLODRelevant:0
 |   |   |- Guid:BF986F85459128DB5F63FA8435023628 BaseClass: NativeClass:/Script/Engine.SkeletalMeshActor Name:SkeletalMeshActor_UAID_B00CD162E1E70A5502_1589361027 Label:Anim_CoupleBackwardRight02 SpatiallyLoaded:1 Bounds:IsValid=true, Min=(X=1455.764 Y=448.326 Z=-1.864), Max=(X=1527.913 Y=525.923 Z=179.187) RuntimeGrid:None EditorOnly:0 RuntimeOnly:0 HLODRelevant:0
 |   |   |- Guid:C71D318D46634B367A859583E6E0E29A BaseClass: NativeClass:/Script/Engine.VolumetricCloud Name:VolumetricCloud_UAID_B00CD162E1E7CC5402_1718505106 Label:VolumetricCloud SpatiallyLoaded:0 Bounds:IsValid=true, Min=(X=0.000 Y=0.000 Z=0.000), Max=(X=0.000 Y=0.000 Z=0.000) RuntimeGrid:None EditorOnly:0 RuntimeOnly:0 HLODRelevant:0
 |   |   |- Guid:CD3669764D79019B41BD458397F2D984 BaseClass: NativeClass:/Script/Engine.SkeletalMeshActor Name:SkeletalMeshActor_UAID_B00CD162E1E70A5502_1652687042 Label:Anim_CoupleForwardRight03 SpatiallyLoaded:1 Bounds:IsValid=true, Min=(X=2564.319 Y=874.065 Z=-1.938), Max=(X=2642.540 Y=945.721 Z=178.703) RuntimeGrid:None EditorOnly:0 RuntimeOnly:0 HLODRelevant:0
 |   |   |- Guid:E3E87EB44411A62B81495E9D8D147F64 BaseClass: NativeClass:/Script/Engine.SkeletalMeshActor Name:SkeletalMeshActor_UAID_B00CD162E1E70A5502_1650427041 Label:Anim_CoupleForwardLeft03 SpatiallyLoaded:1 Bounds:IsValid=true, Min=(X=2964.633 Y=866.834 Z=-1.939), Max=(X=3035.439 Y=944.525 Z=178.703) RuntimeGrid:None EditorOnly:0 RuntimeOnly:0 HLODRelevant:0
 |   |   |- Guid:E924641F4CDDD453652D1E8188CCFC35 BaseClass: NativeClass:/Script/Engine.ExponentialHeightFog Name:ExponentialHeightFog_UAID_B00CD162E1E7CC5402_1718878107 Label:ExponentialHeightFog SpatiallyLoaded:0 Bounds:IsValid=true, Min=(X=0.000 Y=0.000 Z=0.000), Max=(X=0.000 Y=0.000 Z=0.000) RuntimeGrid:None EditorOnly:0 RuntimeOnly:0 HLODRelevant:0
 |   |   |- Guid:EA2F9E0549BE1117878D7AA8CC43E39C BaseClass: NativeClass:/Script/Engine.SkeletalMeshActor Name:SkeletalMeshActor_UAID_B00CD162E1E70A5502_1630711034 Label:Anim_CoupleBackward03 SpatiallyLoaded:1 Bounds:IsValid=true, Min=(X=2756.153 Y=471.865 Z=-1.920), Max=(X=2840.911 Y=547.557 Z=178.777) RuntimeGrid:None EditorOnly:0 RuntimeOnly:0 HLODRelevant:0
 |   |   |- Guid:EEB2B8DD42130D0488AF3F92D73F48FB BaseClass: NativeClass:/Script/Engine.SkeletalMeshActor Name:SkeletalMeshActor_UAID_B00CD162E1E70A5502_1604787032 Label:Anim_CoupleForwardLeft02 SpatiallyLoaded:1 Bounds:IsValid=true, Min=(X=1853.679 Y=856.937 Z=-1.879), Max=(X=1925.489 Y=935.109 Z=178.691) RuntimeGrid:None EditorOnly:0 RuntimeOnly:0 HLODRelevant:0
 |   |   |- Guid:F1924B8D48954B30891B2DB6A694F9CC BaseClass: NativeClass:/Script/Engine.StaticMeshActor Name:StaticMeshActor_1 Label:SM_Cube SpatiallyLoaded:1 Bounds:IsValid=true, Min=(X=0.000 Y=0.000 Z=-50.000), Max=(X=6000.000 Y=3500.000 Z=0.000) RuntimeGrid:None EditorOnly:0 RuntimeOnly:0 HLODRelevant:1 FolderPath:Playground FolderGuid:C73F09FC4215536B1DCE2A9E0A830C70
 |   |- [+] Clusters:
 |   |   |- [+] [  0]
 |   |   |   |- Guid:6BAF4DDD444C60371492D3919DB42C97 BaseClass: NativeClass:/Script/Engine.WorldDataLayers Name:WorldDataLayers Label:WorldDataLayers SpatiallyLoaded:0 Bounds:IsValid=true, Min=(X=0.000 Y=0.000 Z=0.000), Max=(X=0.000 Y=0.000 Z=0.000) RuntimeGrid:None EditorOnly:0 RuntimeOnly:0 HLODRelevant:0
 |   |   |- [+] [  1]
 |   |   |   |- Guid:5B97F4A64FB21F77EFC44386BF705B4C BaseClass: NativeClass:/Script/Engine.TextRenderActor Name:TextRenderActor_1 Label:TextRenderActor SpatiallyLoaded:1 Bounds:IsValid=true, Min=(X=-0.100 Y=1100.000 Z=65.013), Max=(X=-0.100 Y=2392.308 Z=215.013) RuntimeGrid:None EditorOnly:0 RuntimeOnly:0 HLODRelevant:0
 |   |   |- [+] [  2]
 |   |   |   |- Guid:47A4F6DE4719E3A0F824C99CE8F1236F BaseClass: NativeClass:/Script/Engine.SkyAtmosphere Name:SkyAtmosphere_UAID_B00CD162E1E7CC5402_1718121105 Label:SkyAtmosphere SpatiallyLoaded:0 Bounds:IsValid=true, Min=(X=0.000 Y=0.000 Z=0.000), Max=(X=0.000 Y=0.000 Z=0.000) RuntimeGrid:None EditorOnly:0 RuntimeOnly:0 HLODRelevant:0
 |   |   |- [+] [  3]
 |   |   |   |- Guid:F1924B8D48954B30891B2DB6A694F9CC BaseClass: NativeClass:/Script/Engine.StaticMeshActor Name:StaticMeshActor_1 Label:SM_Cube SpatiallyLoaded:1 Bounds:IsValid=true, Min=(X=0.000 Y=0.000 Z=-50.000), Max=(X=6000.000 Y=3500.000 Z=0.000) RuntimeGrid:None EditorOnly:0 RuntimeOnly:0 HLODRelevant:1 FolderPath:Playground FolderGuid:C73F09FC4215536B1DCE2A9E0A830C70
 |   |   |- [+] [  4]
 |   |   |   |- Guid:78F756F24FCC53C120881E8607077755 BaseClass: NativeClass:/Script/Engine.DirectionalLight Name:DirectionalLight_UAID_B00CD162E1E7CC5402_1717638104 Label:DirectionalLight SpatiallyLoaded:0 Bounds:IsValid=true, Min=(X=-4398046511104.000 Y=-4398046511104.000 Z=-4398046511104.000), Max=(X=4398046511104.000 Y=4398046511104.000 Z=4398046511104.000) RuntimeGrid:None EditorOnly:0 RuntimeOnly:0 HLODRelevant:0
 |   |   |- [+] [  5]
 |   |   |   |- Guid:E924641F4CDDD453652D1E8188CCFC35 BaseClass: NativeClass:/Script/Engine.ExponentialHeightFog Name:ExponentialHeightFog_UAID_B00CD162E1E7CC5402_1718878107 Label:ExponentialHeightFog SpatiallyLoaded:0 Bounds:IsValid=true, Min=(X=0.000 Y=0.000 Z=0.000), Max=(X=0.000 Y=0.000 Z=0.000) RuntimeGrid:None EditorOnly:0 RuntimeOnly:0 HLODRelevant:0
 |   |   |- [+] [  6]
 |   |   |   |- Guid:3A00AA1C422CE54C0BDB60BAF471BFBB BaseClass: NativeClass:/Script/Engine.PlayerStart Name:PlayerStart_0 Label:PlayerStart SpatiallyLoaded:0 Bounds:IsValid=true, Min=(X=860.000 Y=1070.000 Z=0.013), Max=(X=940.000 Y=1150.000 Z=184.013) RuntimeGrid:None EditorOnly:0 RuntimeOnly:0 HLODRelevant:0
 |   |   |- [+] [  7]
 |   |   |   |- Guid:C71D318D46634B367A859583E6E0E29A BaseClass: NativeClass:/Script/Engine.VolumetricCloud Name:VolumetricCloud_UAID_B00CD162E1E7CC5402_1718505106 Label:VolumetricCloud SpatiallyLoaded:0 Bounds:IsValid=true, Min=(X=0.000 Y=0.000 Z=0.000), Max=(X=0.000 Y=0.000 Z=0.000) RuntimeGrid:None EditorOnly:0 RuntimeOnly:0 HLODRelevant:0
 |   |   |- [+] [  8]
 |   |   |   |- Guid:2B081CDD4F4DCAF1E7547DB74C918BB7 BaseClass: NativeClass:/Script/Engine.SkyLight Name:SkyLight_UAID_B00CD162E1E7CC5402_1717176103 Label:SkyLight SpatiallyLoaded:0 Bounds:IsValid=true, Min=(X=0.000 Y=0.000 Z=0.000), Max=(X=0.000 Y=0.000 Z=0.000) RuntimeGrid:None EditorOnly:0 RuntimeOnly:0 HLODRelevant:0
 |   |   |- [+] [  9]
 |   |   |   |- Guid:22F4ACE84A97055F36DDC28AFCF11D54 BaseClass: NativeClass:/Script/Engine.SkeletalMeshActor Name:SkeletalMeshActor_UAID_B00CD162E1E70A5502_1507537016 Label:Anim_CoupleBackward01 SpatiallyLoaded:1 Bounds:IsValid=true, Min=(X=669.203 Y=461.592 Z=-1.862), Max=(X=751.408 Y=537.267 Z=179.189) RuntimeGrid:None EditorOnly:0 RuntimeOnly:0 HLODRelevant:0
 |   |   |- [+] [ 10]
 |   |   |   |- Guid:8D5D096848AB4BF56B66A5A5D830D70A BaseClass: NativeClass:/Script/Engine.SkeletalMeshActor Name:SkeletalMeshActor_UAID_B00CD162E1E70A5502_1515062017 Label:Anim_CoupleBackwardLeft01 SpatiallyLoaded:1 Bounds:IsValid=true, Min=(X=872.730 Y=458.291 Z=-1.862), Max=(X=943.835 Y=535.934 Z=179.189) RuntimeGrid:None EditorOnly:0 RuntimeOnly:0 HLODRelevant:0
 |   |   |- [+] [ 11]
 |   |   |   |- Guid:4F960B5B4550B85D44FA92ACBF0F87CE BaseClass: NativeClass:/Script/Engine.SkeletalMeshActor Name:SkeletalMeshActor_UAID_B00CD162E1E70A5502_1518176018 Label:Anim_CoupleBackwardRight01 SpatiallyLoaded:1 Bounds:IsValid=true, Min=(X=449.124 Y=466.870 Z=-1.861), Max=(X=526.518 Y=537.595 Z=179.189) RuntimeGrid:None EditorOnly:0 RuntimeOnly:0 HLODRelevant:0
 |   |   |- [+] [ 12]
 |   |   |   |- Guid:6AA6CC7E491C2E54C04973936CD40055 BaseClass: NativeClass:/Script/Engine.SkeletalMeshActor Name:SkeletalMeshActor_UAID_B00CD162E1E70A5502_1521742019 Label:Anim_Couple01 SpatiallyLoaded:1 Bounds:IsValid=true, Min=(X=665.756 Y=661.801 Z=0.002), Max=(X=750.915 Y=709.400 Z=177.680) RuntimeGrid:None EditorOnly:0 RuntimeOnly:0 HLODRelevant:0
 |   |   |- [+] [ 13]
 |   |   |   |- Guid:2EB54FE34FB8E978B3C95AB473677489 BaseClass: NativeClass:/Script/Engine.SkeletalMeshActor Name:SkeletalMeshActor_UAID_B00CD162E1E70A5502_1525421020 Label:Anim_CoupleRight01 SpatiallyLoaded:1 Bounds:IsValid=true, Min=(X=465.426 Y=667.580 Z=-1.951), Max=(X=540.710 Y=750.842 Z=178.778) RuntimeGrid:None EditorOnly:0 RuntimeOnly:0 HLODRelevant:0
 |   |   |- [+] [ 14]
 |   |   |   |- Guid:5999425A4B07FC0813E7BC9BAC3D5286 BaseClass: NativeClass:/Script/Engine.SkeletalMeshActor Name:SkeletalMeshActor_UAID_B00CD162E1E70A5502_1527708021 Label:Anim_CoupleLeft01 SpatiallyLoaded:1 Bounds:IsValid=true, Min=(X=870.283 Y=648.945 Z=-1.951), Max=(X=945.587 Y=732.209 Z=178.778) RuntimeGrid:None EditorOnly:0 RuntimeOnly:0 HLODRelevant:0
 |   |   |- [+] [ 15]
 |   |   |   |- Guid:B8340702441B349C2399EFB90222C2D1 BaseClass: NativeClass:/Script/Engine.SkeletalMeshActor Name:SkeletalMeshActor_UAID_B00CD162E1E70A5502_1530484022 Label:Anim_CoupleForward01 SpatiallyLoaded:1 Bounds:IsValid=true, Min=(X=658.095 Y=849.446 Z=-1.948), Max=(X=741.467 Y=925.124 Z=178.778) RuntimeGrid:None EditorOnly:0 RuntimeOnly:0 HLODRelevant:0
 |   |   |- [+] [ 16]
 |   |   |   |- Guid:B0CA6553444F29703C96C7A0FA3F1BE0 BaseClass: NativeClass:/Script/Engine.SkeletalMeshActor Name:SkeletalMeshActor_UAID_B00CD162E1E70A5502_1534396023 Label:Anim_CoupleForwardLeft01 SpatiallyLoaded:1 Bounds:IsValid=true, Min=(X=847.008 Y=852.998 Z=-1.951), Max=(X=926.077 Y=925.062 Z=178.778) RuntimeGrid:None EditorOnly:0 RuntimeOnly:0 HLODRelevant:0
 |   |   |- [+] [ 17]
 |   |   |   |- Guid:424C93184EA3BFAF558D22872BE208F6 BaseClass: NativeClass:/Script/Engine.SkeletalMeshActor Name:SkeletalMeshActor_UAID_B00CD162E1E70A5502_1536940024 Label:Anim_CoupleForwardRight01 SpatiallyLoaded:1 Bounds:IsValid=true, Min=(X=475.293 Y=846.890 Z=-1.879), Max=(X=546.085 Y=925.101 Z=178.794) RuntimeGrid:None EditorOnly:0 RuntimeOnly:0 HLODRelevant:0
 |   |   |- [+] [ 18]
 |   |   |   |- Guid:23A81F5A4B8F11B768547DA56A6C7415 BaseClass: NativeClass:/Script/Engine.SkeletalMeshActor Name:SkeletalMeshActor_UAID_B00CD162E1E70A5502_1580872025 Label:Anim_CoupleBackward02 SpatiallyLoaded:1 Bounds:IsValid=true, Min=(X=1658.769 Y=441.624 Z=-1.863), Max=(X=1740.804 Y=517.221 Z=179.190) RuntimeGrid:None EditorOnly:0 RuntimeOnly:0 HLODRelevant:0
 |   |   |- [+] [ 19]
 |   |   |   |- Guid:1FA89B3E4973EF34A61EC6890F407F95 BaseClass: NativeClass:/Script/Engine.SkeletalMeshActor Name:SkeletalMeshActor_UAID_B00CD162E1E70A5502_1584257026 Label:Anim_CoupleBackwardLeft02 SpatiallyLoaded:1 Bounds:IsValid=true, Min=(X=1873.487 Y=466.466 Z=-1.864), Max=(X=1950.835 Y=538.246 Z=179.185) RuntimeGrid:None EditorOnly:0 RuntimeOnly:0 HLODRelevant:0
 |   |   |- [+] [ 20]
 |   |   |   |- Guid:BF986F85459128DB5F63FA8435023628 BaseClass: NativeClass:/Script/Engine.SkeletalMeshActor Name:SkeletalMeshActor_UAID_B00CD162E1E70A5502_1589361027 Label:Anim_CoupleBackwardRight02 SpatiallyLoaded:1 Bounds:IsValid=true, Min=(X=1455.764 Y=448.326 Z=-1.864), Max=(X=1527.913 Y=525.923 Z=179.187) RuntimeGrid:None EditorOnly:0 RuntimeOnly:0 HLODRelevant:0
 |   |   |- [+] [ 21]
 |   |   |   |- Guid:3D88248642E5EBAA7BE2BFB6AE723AAC BaseClass: NativeClass:/Script/Engine.SkeletalMeshActor Name:SkeletalMeshActor_UAID_B00CD162E1E70A5502_1592066028 Label:Anim_Couple02 SpatiallyLoaded:1 Bounds:IsValid=true, Min=(X=1659.250 Y=671.866 Z=-0.008), Max=(X=1744.074 Y=719.288 Z=177.679) RuntimeGrid:None EditorOnly:0 RuntimeOnly:0 HLODRelevant:0
 |   |   |- [+] [ 22]
 |   |   |   |- Guid:6FC8D6ED4A7ADF3010B2C2B4DF9EC9F1 BaseClass: NativeClass:/Script/Engine.SkeletalMeshActor Name:SkeletalMeshActor_UAID_B00CD162E1E70A5502_1595533029 Label:Anim_CoupleLeft02 SpatiallyLoaded:1 Bounds:IsValid=true, Min=(X=1869.302 Y=657.553 Z=-1.944), Max=(X=1944.573 Y=740.621 Z=178.656) RuntimeGrid:None EditorOnly:0 RuntimeOnly:0 HLODRelevant:0
 |   |   |- [+] [ 23]
 |   |   |   |- Guid:4ACC7221421E121366CE7D9A4AD753D4 BaseClass: NativeClass:/Script/Engine.SkeletalMeshActor Name:SkeletalMeshActor_UAID_B00CD162E1E70A5502_1598198030 Label:Anim_CoupleRight02 SpatiallyLoaded:1 Bounds:IsValid=true, Min=(X=1454.382 Y=639.198 Z=-1.938), Max=(X=1529.678 Y=722.453 Z=178.522) RuntimeGrid:None EditorOnly:0 RuntimeOnly:0 HLODRelevant:0
 |   |   |- [+] [ 24]
 |   |   |   |- Guid:8DCC1CEC478A1DFE99A7DA88A935164B BaseClass: NativeClass:/Script/Engine.SkeletalMeshActor Name:SkeletalMeshActor_UAID_B00CD162E1E70A5502_1602617031 Label:Anim_CoupleForward02 SpatiallyLoaded:1 Bounds:IsValid=true, Min=(X=1658.734 Y=859.462 Z=-1.939), Max=(X=1741.805 Y=935.149 Z=178.703) RuntimeGrid:None EditorOnly:0 RuntimeOnly:0 HLODRelevant:0
 |   |   |- [+] [ 25]
 |   |   |   |- Guid:EEB2B8DD42130D0488AF3F92D73F48FB BaseClass: NativeClass:/Script/Engine.SkeletalMeshActor Name:SkeletalMeshActor_UAID_B00CD162E1E70A5502_1604787032 Label:Anim_CoupleForwardLeft02 SpatiallyLoaded:1 Bounds:IsValid=true, Min=(X=1853.679 Y=856.937 Z=-1.879), Max=(X=1925.489 Y=935.109 Z=178.691) RuntimeGrid:None EditorOnly:0 RuntimeOnly:0 HLODRelevant:0
 |   |   |- [+] [ 26]
 |   |   |   |- Guid:A6B2C6A64569B4D24C7B4A9A68412C47 BaseClass: NativeClass:/Script/Engine.SkeletalMeshActor Name:SkeletalMeshActor_UAID_B00CD162E1E70A5502_1607389033 Label:Anim_CoupleForwardRight02 SpatiallyLoaded:1 Bounds:IsValid=true, Min=(X=1473.891 Y=862.806 Z=-1.927), Max=(X=1552.945 Y=936.079 Z=178.564) RuntimeGrid:None EditorOnly:0 RuntimeOnly:0 HLODRelevant:0
 |   |   |- [+] [ 27]
 |   |   |   |- Guid:EA2F9E0549BE1117878D7AA8CC43E39C BaseClass: NativeClass:/Script/Engine.SkeletalMeshActor Name:SkeletalMeshActor_UAID_B00CD162E1E70A5502_1630711034 Label:Anim_CoupleBackward03 SpatiallyLoaded:1 Bounds:IsValid=true, Min=(X=2756.153 Y=471.865 Z=-1.920), Max=(X=2840.911 Y=547.557 Z=178.777) RuntimeGrid:None EditorOnly:0 RuntimeOnly:0 HLODRelevant:0
 |   |   |- [+] [ 28]
 |   |   |   |- Guid:5F9F95E8438F467CD05ED1830402E75B BaseClass: NativeClass:/Script/Engine.SkeletalMeshActor Name:SkeletalMeshActor_UAID_B00CD162E1E70A5502_1634048035 Label:Anim_CoupleBackwardLeft03 SpatiallyLoaded:1 Bounds:IsValid=true, Min=(X=2962.121 Y=474.661 Z=-1.921), Max=(X=3041.207 Y=549.041 Z=178.777) RuntimeGrid:None EditorOnly:0 RuntimeOnly:0 HLODRelevant:0
 |   |   |- [+] [ 29]
 |   |   |   |- Guid:01A620F44AD5225A76BCBD81991B4794 BaseClass: NativeClass:/Script/Engine.SkeletalMeshActor Name:SkeletalMeshActor_UAID_B00CD162E1E70A5502_1637400036 Label:Anim_CoupleBackwardRight03 SpatiallyLoaded:1 Bounds:IsValid=true, Min=(X=2565.106 Y=468.293 Z=-1.920), Max=(X=2638.470 Y=546.787 Z=178.777) RuntimeGrid:None EditorOnly:0 RuntimeOnly:0 HLODRelevant:0
 |   |   |- [+] [ 30]
 |   |   |   |- Guid:3C3839024B66BC93C1967D8A466444F6 BaseClass: NativeClass:/Script/Engine.SkeletalMeshActor Name:SkeletalMeshActor_UAID_B00CD162E1E70A5502_1639551037 Label:Anim_Couple03 SpatiallyLoaded:1 Bounds:IsValid=true, Min=(X=2756.204 Y=678.501 Z=-0.053), Max=(X=2843.298 Y=724.686 Z=178.068) RuntimeGrid:None EditorOnly:0 RuntimeOnly:0 HLODRelevant:0
 |   |   |- [+] [ 31]
 |   |   |   |- Guid:984FD64F41AB31038478EB953107DCE2 BaseClass: NativeClass:/Script/Engine.SkeletalMeshActor Name:SkeletalMeshActor_UAID_B00CD162E1E70A5502_1642166038 Label:Anim_CoupleLeft03 SpatiallyLoaded:1 Bounds:IsValid=true, Min=(X=2969.402 Y=667.437 Z=-1.940), Max=(X=3044.871 Y=753.087 Z=178.702) RuntimeGrid:None EditorOnly:0 RuntimeOnly:0 HLODRelevant:0
 |   |   |- [+] [ 32]
 |   |   |   |- Guid:B6AECA53445DF80278F69A88BD3D6FDB BaseClass: NativeClass:/Script/Engine.SkeletalMeshActor Name:SkeletalMeshActor_UAID_B00CD162E1E70A5502_1644513039 Label:Anim_CoupleRight03 SpatiallyLoaded:1 Bounds:IsValid=true, Min=(X=2564.291 Y=646.257 Z=-1.939), Max=(X=2639.389 Y=731.854 Z=178.703) RuntimeGrid:None EditorOnly:0 RuntimeOnly:0 HLODRelevant:0
 |   |   |- [+] [ 33]
 |   |   |   |- Guid:039B08664A8750E09ABA609EF3D59BA0 BaseClass: NativeClass:/Script/Engine.SkeletalMeshActor Name:SkeletalMeshActor_UAID_B00CD162E1E70A5502_1648046040 Label:Anim_CoupleForward03 SpatiallyLoaded:1 Bounds:IsValid=true, Min=(X=2756.136 Y=869.461 Z=-1.940), Max=(X=2841.806 Y=945.146 Z=178.703) RuntimeGrid:None EditorOnly:0 RuntimeOnly:0 HLODRelevant:0
 |   |   |- [+] [ 34]
 |   |   |   |- Guid:E3E87EB44411A62B81495E9D8D147F64 BaseClass: NativeClass:/Script/Engine.SkeletalMeshActor Name:SkeletalMeshActor_UAID_B00CD162E1E70A5502_1650427041 Label:Anim_CoupleForwardLeft03 SpatiallyLoaded:1 Bounds:IsValid=true, Min=(X=2964.633 Y=866.834 Z=-1.939), Max=(X=3035.439 Y=944.525 Z=178.703) RuntimeGrid:None EditorOnly:0 RuntimeOnly:0 HLODRelevant:0
 |   |   |- [+] [ 35]
 |   |   |   |- Guid:CD3669764D79019B41BD458397F2D984 BaseClass: NativeClass:/Script/Engine.SkeletalMeshActor Name:SkeletalMeshActor_UAID_B00CD162E1E70A5502_1652687042 Label:Anim_CoupleForwardRight03 SpatiallyLoaded:1 Bounds:IsValid=true, Min=(X=2564.319 Y=874.065 Z=-1.938), Max=(X=2642.540 Y=945.721 Z=178.703) RuntimeGrid:None EditorOnly:0 RuntimeOnly:0 HLODRelevant:0
 |- ContainerInstances:
 |- [+] MainContainer:
 |   |-        ID: 0x0000000000000000
 |   |-    Bounds: IsValid=false, Min=(X=0.000 Y=0.000 Z=0.000), Max=(X=0.000 Y=0.000 Z=0.000)
 |   |- Transform: 0.000000,0.000000,0.000000|0.000000,0.000000,-0.000000|1.000000,1.000000,1.000000
 |   |- Container: /Game/ThirdPerson/Maps/ThirdPersonMap
----------------------------------------------------------------------------------------------------------------
ThirdPersonMap - Persistent Level
----------------------------------------------------------------------------------------------------------------
Always loaded Actor Count: 72 

----------------------------------------------------------------------------------------------------------------
ThirdPersonMap - Runtime Spatial Hash - Streaming Grid - MainGrid
----------------------------------------------------------------------------------------------------------------
            Origin: X=0.000 Y=0.000 Z=0.000
         Cell Size: 12800
      World Bounds: IsValid=false, Min=(X=0.000 Y=0.000 Z=0.000), Max=(X=0.000 Y=0.000 Z=0.000)
     Loading Range: 25600.00
Block Slow Loading: No
 ClientOnlyVisible: No

[+] Grid Levels: 1
 |- Level  0: Cell Count    0 | Cell Size   12800 | Actor Count    0 (0.0%)

[+] Content of Grid Level 0

